-- Found ament_cmake: 2.0.3 (/ssd/ros2_humble/install/ament_cmake/share/ament_cmake/cmake)
-- Found rclcpp: 21.0.3 (/ssd/ros2_humble/install/rclcpp/share/rclcpp/cmake)
-- Found rosidl_generator_c: 4.0.1 (/ssd/ros2_humble/install/rosidl_generator_c/share/rosidl_generator_c/cmake)
-- Found rosidl_generator_cpp: 4.0.1 (/ssd/ros2_humble/install/rosidl_generator_cpp/share/rosidl_generator_cpp/cmake)
-- Using all available rosidl_typesupport_c: rosidl_typesupport_introspection_c;rosidl_typesupport_fastrtps_c
-- Using all available rosidl_typesupport_cpp: rosidl_typesupport_introspection_cpp;rosidl_typesupport_fastrtps_cpp
-- Found rmw_implementation_cmake: 7.1.0 (/ssd/ros2_humble/install/rmw_implementation_cmake/share/rmw_implementation_cmake/cmake)
-- Found rmw_fastrtps_cpp: 7.1.1 (/ssd/ros2_humble/install/rmw_fastrtps_cpp/share/rmw_fastrtps_cpp/cmake)
-- Using RMW implementation 'rmw_fastrtps_cpp' as default
-- Found example_interfaces: 0.10.2 (/ssd/ros2_humble/install/example_interfaces/share/example_interfaces/cmake)
-- Configuring done (11.6s)
-- Generating done (0.2s)
-- Build files have been written to: /ssd/workspaces/learn_ros2/build/my_cpp_pck
[ 12%] [32mBuilding CXX object CMakeFiles/number_counter.dir/src/number_counter.cpp.o[0m
[ 12%] [32mBuilding CXX object CMakeFiles/number_publisher.dir/src/number_publisher.cpp.o[0m
[ 25%] Built target cpp_node
[ 50%] Built target smartphone
[ 50%] [32mBuilding CXX object CMakeFiles/add_two_ints_client.dir/src/add_two_ints_client.cpp.o[0m
[ 68%] Built target add_two_ints_client_no_oop
[ 68%] Built target robot_news_station
[ 75%] [32mBuilding CXX object CMakeFiles/add_two_ints_server.dir/src/add_two_ints_server.cpp.o[0m
[ 81%] [32m[1mLinking CXX executable add_two_ints_server[0m
[ 87%] [32m[1mLinking CXX executable add_two_ints_client[0m
[ 93%] [32m[1mLinking CXX executable number_publisher[0m
[ 93%] Built target add_two_ints_server
[ 93%] Built target add_two_ints_client
[ 93%] Built target number_publisher
[100%] [32m[1mLinking CXX executable number_counter[0m
[100%] Built target number_counter
-- Install configuration: ""
-- Up-to-date: /ssd/workspaces/learn_ros2/install/my_cpp_pck/lib/my_cpp_pck/cpp_node
-- Up-to-date: /ssd/workspaces/learn_ros2/install/my_cpp_pck/lib/my_cpp_pck/robot_news_station
-- Up-to-date: /ssd/workspaces/learn_ros2/install/my_cpp_pck/lib/my_cpp_pck/smartphone
-- Installing: /ssd/workspaces/learn_ros2/install/my_cpp_pck/lib/my_cpp_pck/add_two_ints_server
-- Set runtime path of "/ssd/workspaces/learn_ros2/install/my_cpp_pck/lib/my_cpp_pck/add_two_ints_server" to ""
-- Up-to-date: /ssd/workspaces/learn_ros2/install/my_cpp_pck/lib/my_cpp_pck/add_two_ints_client_no_oop
-- Installing: /ssd/workspaces/learn_ros2/install/my_cpp_pck/lib/my_cpp_pck/add_two_ints_client
-- Set runtime path of "/ssd/workspaces/learn_ros2/install/my_cpp_pck/lib/my_cpp_pck/add_two_ints_client" to ""
-- Installing: /ssd/workspaces/learn_ros2/install/my_cpp_pck/lib/my_cpp_pck/number_publisher
-- Set runtime path of "/ssd/workspaces/learn_ros2/install/my_cpp_pck/lib/my_cpp_pck/number_publisher" to ""
-- Installing: /ssd/workspaces/learn_ros2/install/my_cpp_pck/lib/my_cpp_pck/number_counter
-- Set runtime path of "/ssd/workspaces/learn_ros2/install/my_cpp_pck/lib/my_cpp_pck/number_counter" to ""
-- Up-to-date: /ssd/workspaces/learn_ros2/install/my_cpp_pck/share/ament_index/resource_index/package_run_dependencies/my_cpp_pck
-- Installing: /ssd/workspaces/learn_ros2/install/my_cpp_pck/share/ament_index/resource_index/parent_prefix_path/my_cpp_pck
-- Up-to-date: /ssd/workspaces/learn_ros2/install/my_cpp_pck/share/my_cpp_pck/environment/ament_prefix_path.dsv
-- Up-to-date: /ssd/workspaces/learn_ros2/install/my_cpp_pck/share/my_cpp_pck/environment/path.dsv
-- Up-to-date: /ssd/workspaces/learn_ros2/install/my_cpp_pck/share/my_cpp_pck/local_setup.bash
-- Up-to-date: /ssd/workspaces/learn_ros2/install/my_cpp_pck/share/my_cpp_pck/local_setup.sh
-- Up-to-date: /ssd/workspaces/learn_ros2/install/my_cpp_pck/share/my_cpp_pck/local_setup.zsh
-- Up-to-date: /ssd/workspaces/learn_ros2/install/my_cpp_pck/share/my_cpp_pck/local_setup.dsv
-- Installing: /ssd/workspaces/learn_ros2/install/my_cpp_pck/share/my_cpp_pck/package.dsv
-- Up-to-date: /ssd/workspaces/learn_ros2/install/my_cpp_pck/share/ament_index/resource_index/packages/my_cpp_pck
-- Up-to-date: /ssd/workspaces/learn_ros2/install/my_cpp_pck/share/my_cpp_pck/cmake/my_cpp_pckConfig.cmake
-- Up-to-date: /ssd/workspaces/learn_ros2/install/my_cpp_pck/share/my_cpp_pck/cmake/my_cpp_pckConfig-version.cmake
-- Up-to-date: /ssd/workspaces/learn_ros2/install/my_cpp_pck/share/my_cpp_pck/package.xml
