[0.956s] DEBUG:colcon:Command line arguments: ['/usr/bin/colcon', 'build', '--packages-select', 'my_cpp_pck']
[0.956s] DEBUG:colcon:Parsed command line arguments: Namespace(allow_overriding=[], ament_cmake_args=None, base_paths=['.'], build_base='build', catkin_cmake_args=None, catkin_skip_building_tests=False, cmake_args=None, cmake_clean_cache=False, cmake_clean_first=False, cmake_force_configure=False, cmake_target=None, cmake_target_skip_unavailable=False, continue_on_error=False, event_handlers=None, executor='parallel', ignore_user_meta=False, install_base='install', log_base=None, log_level=None, main=<bound method BuildVerb.main of <colcon_core.verb.build.BuildVerb object at 0xffff9a2174f0>>, merge_install=False, metas=['./colcon.meta'], mixin=None, mixin_files=None, mixin_verb=('build',), packages_above=None, packages_above_and_dependencies=None, packages_above_depth=None, packages_end=None, packages_ignore=None, packages_ignore_regex=None, packages_select=['my_cpp_pck'], packages_select_build_failed=False, packages_select_by_dep=None, packages_select_regex=None, packages_select_test_failures=False, packages_skip=None, packages_skip_build_finished=False, packages_skip_by_dep=None, packages_skip_regex=None, packages_skip_test_passed=False, packages_skip_up_to=None, packages_start=None, packages_up_to=None, packages_up_to_regex=None, parallel_workers=12, paths=None, symlink_install=False, test_result_base=None, verb_extension=<colcon_core.verb.build.BuildVerb object at 0xffff9a2174f0>, verb_name='build', verb_parser=<colcon_mixin.mixin.mixin_argument.MixinArgumentDecorator object at 0xffff9a14b730>)
[1.572s] Level 1:colcon.colcon_core.package_discovery:discover_packages(colcon_meta) check parameters
[1.572s] Level 1:colcon.colcon_core.package_discovery:discover_packages(recursive) check parameters
[1.573s] Level 1:colcon.colcon_core.package_discovery:discover_packages(ignore) check parameters
[1.573s] Level 1:colcon.colcon_core.package_discovery:discover_packages(path) check parameters
[1.573s] Level 1:colcon.colcon_core.package_discovery:discover_packages(colcon_meta) discover
[1.573s] Level 1:colcon.colcon_core.package_discovery:discover_packages(recursive) discover
[1.573s] INFO:colcon.colcon_core.package_discovery:Crawling recursively for packages in '/ssd/workspaces/learn_ros2'
[1.573s] Level 1:colcon.colcon_core.package_identification:_identify(.) by extensions ['ignore', 'ignore_ament_install']
[1.573s] Level 1:colcon.colcon_core.package_identification:_identify(.) by extension 'ignore'
[1.574s] Level 1:colcon.colcon_core.package_identification:_identify(.) by extension 'ignore_ament_install'
[1.574s] Level 1:colcon.colcon_core.package_identification:_identify(.) by extensions ['colcon_pkg']
[1.574s] Level 1:colcon.colcon_core.package_identification:_identify(.) by extension 'colcon_pkg'
[1.574s] Level 1:colcon.colcon_core.package_identification:_identify(.) by extensions ['colcon_meta']
[1.574s] Level 1:colcon.colcon_core.package_identification:_identify(.) by extension 'colcon_meta'
[1.574s] Level 1:colcon.colcon_core.package_identification:_identify(.) by extensions ['ros']
[1.574s] Level 1:colcon.colcon_core.package_identification:_identify(.) by extension 'ros'
[1.624s] Level 1:colcon.colcon_core.package_identification:_identify(.) by extensions ['cmake', 'python']
[1.624s] Level 1:colcon.colcon_core.package_identification:_identify(.) by extension 'cmake'
[1.624s] Level 1:colcon.colcon_core.package_identification:_identify(.) by extension 'python'
[1.624s] Level 1:colcon.colcon_core.package_identification:_identify(.) by extensions ['python_setup_py']
[1.624s] Level 1:colcon.colcon_core.package_identification:_identify(.) by extension 'python_setup_py'
[1.625s] Level 1:colcon.colcon_core.package_identification:_identify(build) by extensions ['ignore', 'ignore_ament_install']
[1.625s] Level 1:colcon.colcon_core.package_identification:_identify(build) by extension 'ignore'
[1.625s] Level 1:colcon.colcon_core.package_identification:_identify(build) ignored
[1.625s] Level 1:colcon.colcon_core.package_identification:_identify(install) by extensions ['ignore', 'ignore_ament_install']
[1.625s] Level 1:colcon.colcon_core.package_identification:_identify(install) by extension 'ignore'
[1.626s] Level 1:colcon.colcon_core.package_identification:_identify(install) ignored
[1.626s] Level 1:colcon.colcon_core.package_identification:_identify(log) by extensions ['ignore', 'ignore_ament_install']
[1.626s] Level 1:colcon.colcon_core.package_identification:_identify(log) by extension 'ignore'
[1.626s] Level 1:colcon.colcon_core.package_identification:_identify(log) ignored
[1.626s] Level 1:colcon.colcon_core.package_identification:_identify(src) by extensions ['ignore', 'ignore_ament_install']
[1.626s] Level 1:colcon.colcon_core.package_identification:_identify(src) by extension 'ignore'
[1.627s] Level 1:colcon.colcon_core.package_identification:_identify(src) by extension 'ignore_ament_install'
[1.627s] Level 1:colcon.colcon_core.package_identification:_identify(src) by extensions ['colcon_pkg']
[1.627s] Level 1:colcon.colcon_core.package_identification:_identify(src) by extension 'colcon_pkg'
[1.627s] Level 1:colcon.colcon_core.package_identification:_identify(src) by extensions ['colcon_meta']
[1.627s] Level 1:colcon.colcon_core.package_identification:_identify(src) by extension 'colcon_meta'
[1.627s] Level 1:colcon.colcon_core.package_identification:_identify(src) by extensions ['ros']
[1.627s] Level 1:colcon.colcon_core.package_identification:_identify(src) by extension 'ros'
[1.627s] Level 1:colcon.colcon_core.package_identification:_identify(src) by extensions ['cmake', 'python']
[1.628s] Level 1:colcon.colcon_core.package_identification:_identify(src) by extension 'cmake'
[1.628s] Level 1:colcon.colcon_core.package_identification:_identify(src) by extension 'python'
[1.628s] Level 1:colcon.colcon_core.package_identification:_identify(src) by extensions ['python_setup_py']
[1.628s] Level 1:colcon.colcon_core.package_identification:_identify(src) by extension 'python_setup_py'
[1.628s] Level 1:colcon.colcon_core.package_identification:_identify(src/my_cpp_pck) by extensions ['ignore', 'ignore_ament_install']
[1.628s] Level 1:colcon.colcon_core.package_identification:_identify(src/my_cpp_pck) by extension 'ignore'
[1.628s] Level 1:colcon.colcon_core.package_identification:_identify(src/my_cpp_pck) by extension 'ignore_ament_install'
[1.629s] Level 1:colcon.colcon_core.package_identification:_identify(src/my_cpp_pck) by extensions ['colcon_pkg']
[1.629s] Level 1:colcon.colcon_core.package_identification:_identify(src/my_cpp_pck) by extension 'colcon_pkg'
[1.629s] Level 1:colcon.colcon_core.package_identification:_identify(src/my_cpp_pck) by extensions ['colcon_meta']
[1.629s] Level 1:colcon.colcon_core.package_identification:_identify(src/my_cpp_pck) by extension 'colcon_meta'
[1.629s] Level 1:colcon.colcon_core.package_identification:_identify(src/my_cpp_pck) by extensions ['ros']
[1.629s] Level 1:colcon.colcon_core.package_identification:_identify(src/my_cpp_pck) by extension 'ros'
[1.650s] DEBUG:colcon.colcon_core.package_identification:Package 'src/my_cpp_pck' with type 'ros.ament_cmake' and name 'my_cpp_pck'
[1.650s] Level 1:colcon.colcon_core.package_identification:_identify(src/my_py_pck) by extensions ['ignore', 'ignore_ament_install']
[1.651s] Level 1:colcon.colcon_core.package_identification:_identify(src/my_py_pck) by extension 'ignore'
[1.651s] Level 1:colcon.colcon_core.package_identification:_identify(src/my_py_pck) by extension 'ignore_ament_install'
[1.651s] Level 1:colcon.colcon_core.package_identification:_identify(src/my_py_pck) by extensions ['colcon_pkg']
[1.651s] Level 1:colcon.colcon_core.package_identification:_identify(src/my_py_pck) by extension 'colcon_pkg'
[1.651s] Level 1:colcon.colcon_core.package_identification:_identify(src/my_py_pck) by extensions ['colcon_meta']
[1.651s] Level 1:colcon.colcon_core.package_identification:_identify(src/my_py_pck) by extension 'colcon_meta'
[1.651s] Level 1:colcon.colcon_core.package_identification:_identify(src/my_py_pck) by extensions ['ros']
[1.651s] Level 1:colcon.colcon_core.package_identification:_identify(src/my_py_pck) by extension 'ros'
[1.653s] DEBUG:colcon.colcon_core.package_identification:Package 'src/my_py_pck' with type 'ros.ament_python' and name 'my_py_pck'
[1.653s] Level 1:colcon.colcon_core.package_discovery:discover_packages(recursive) using defaults
[1.653s] Level 1:colcon.colcon_core.package_discovery:discover_packages(ignore) discover
[1.653s] Level 1:colcon.colcon_core.package_discovery:discover_packages(ignore) using defaults
[1.653s] Level 1:colcon.colcon_core.package_discovery:discover_packages(path) discover
[1.653s] Level 1:colcon.colcon_core.package_discovery:discover_packages(path) using defaults
[1.746s] INFO:colcon.colcon_core.package_selection:Skipping not selected package 'my_py_pck' in 'src/my_py_pck'
[1.747s] Level 1:colcon.colcon_core.package_discovery:discover_packages(prefix_path) check parameters
[1.747s] Level 1:colcon.colcon_core.package_discovery:discover_packages(prefix_path) discover
[1.807s] DEBUG:colcon.colcon_installed_package_information.package_discovery:Found 359 installed packages in /ssd/ros2_humble/install
[1.813s] Level 1:colcon.colcon_core.package_discovery:discover_packages(prefix_path) using defaults
[1.936s] Level 5:colcon.colcon_core.verb:set package 'my_cpp_pck' build argument 'cmake_args' from command line to 'None'
[1.936s] Level 5:colcon.colcon_core.verb:set package 'my_cpp_pck' build argument 'cmake_target' from command line to 'None'
[1.937s] Level 5:colcon.colcon_core.verb:set package 'my_cpp_pck' build argument 'cmake_target_skip_unavailable' from command line to 'False'
[1.937s] Level 5:colcon.colcon_core.verb:set package 'my_cpp_pck' build argument 'cmake_clean_cache' from command line to 'False'
[1.937s] Level 5:colcon.colcon_core.verb:set package 'my_cpp_pck' build argument 'cmake_clean_first' from command line to 'False'
[1.937s] Level 5:colcon.colcon_core.verb:set package 'my_cpp_pck' build argument 'cmake_force_configure' from command line to 'False'
[1.937s] Level 5:colcon.colcon_core.verb:set package 'my_cpp_pck' build argument 'ament_cmake_args' from command line to 'None'
[1.937s] Level 5:colcon.colcon_core.verb:set package 'my_cpp_pck' build argument 'catkin_cmake_args' from command line to 'None'
[1.937s] Level 5:colcon.colcon_core.verb:set package 'my_cpp_pck' build argument 'catkin_skip_building_tests' from command line to 'False'
[1.937s] DEBUG:colcon.colcon_core.verb:Building package 'my_cpp_pck' with the following arguments: {'ament_cmake_args': None, 'build_base': '/ssd/workspaces/learn_ros2/build/my_cpp_pck', 'catkin_cmake_args': None, 'catkin_skip_building_tests': False, 'cmake_args': None, 'cmake_clean_cache': False, 'cmake_clean_first': False, 'cmake_force_configure': False, 'cmake_target': None, 'cmake_target_skip_unavailable': False, 'install_base': '/ssd/workspaces/learn_ros2/install/my_cpp_pck', 'merge_install': False, 'path': '/ssd/workspaces/learn_ros2/src/my_cpp_pck', 'symlink_install': False, 'test_result_base': None}
[1.937s] INFO:colcon.colcon_core.executor:Executing jobs using 'parallel' executor
[1.939s] DEBUG:colcon.colcon_parallel_executor.executor.parallel:run_until_complete
[1.940s] INFO:colcon.colcon_ros.task.ament_cmake.build:Building ROS package in '/ssd/workspaces/learn_ros2/src/my_cpp_pck' with build type 'ament_cmake'
[1.940s] INFO:colcon.colcon_cmake.task.cmake.build:Building CMake package in '/ssd/workspaces/learn_ros2/src/my_cpp_pck'
[1.961s] INFO:colcon.colcon_core.plugin_system:Skipping extension 'colcon_core.shell.bat': Not used on non-Windows systems
[1.962s] INFO:colcon.colcon_core.shell:Skip shell extension 'powershell' for command environment: Not usable outside of PowerShell
[1.962s] DEBUG:colcon.colcon_core.shell:Skip shell extension 'dsv' for command environment
[2.043s] DEBUG:colcon.colcon_core.event_handler.log_command:Invoking command in '/ssd/workspaces/learn_ros2/build/my_cpp_pck': CMAKE_PREFIX_PATH=${CMAKE_PREFIX_PATH}:/ssd/ros2_humble/install/rqt_bag_plugins:/ssd/ros2_humble/install/rqt_bag:/ssd/ros2_humble/install/rosbag2_examples_py:/ssd/ros2_humble/install/launch_testing_examples:/ssd/ros2_humble/install/ros2bag:/ssd/ros2_humble/install/tracetools_test:/ssd/ros2_humble/install/tracetools_launch:/ssd/ros2_humble/install/topic_monitor:/ssd/ros2_humble/install/tf2_tools:/ssd/ros2_humble/install/examples_tf2_py:/ssd/ros2_humble/install/tf2_ros_py:/ssd/ros2_humble/install/examples_rclpy_pointcloud_publisher:/ssd/ros2_humble/install/sensor_msgs_py:/ssd/ros2_humble/install/quality_of_service_demo_py:/ssd/ros2_humble/install/rqt_plot:/ssd/ros2_humble/install/ros2doctor:/ssd/ros2_humble/install/lifecycle_py:/ssd/ros2_humble/install/examples_rclpy_minimal_subscriber:/ssd/ros2_humble/install/examples_rclpy_minimal_service:/ssd/ros2_humble/install/examples_rclpy_minimal_publisher:/ssd/ros2_humble/install/examples_rclpy_minimal_client:/ssd/ros2_humble/install/examples_rclpy_executors:/ssd/ros2_humble/install/demo_nodes_py:/ssd/ros2_humble/install/rqt:/ssd/ros2_humble/install/ros2component:/ssd/ros2_humble/install/sros2:/ssd/ros2_humble/install/rqt_topic:/ssd/ros2_humble/install/rqt_srv:/ssd/ros2_humble/install/rqt_shell:/ssd/ros2_humble/install/rqt_service_caller:/ssd/ros2_humble/install/rqt_reconfigure:/ssd/ros2_humble/install/rqt_py_console:/ssd/ros2_humble/install/rqt_publisher:/ssd/ros2_humble/install/rqt_action:/ssd/ros2_humble/install/rqt_msg:/ssd/ros2_humble/install/rqt_console:/ssd/ros2_humble/install/rqt_graph:/ssd/ros2_humble/install/rqt_gui_py:/ssd/ros2_humble/install/rqt_gui:/ssd/ros2_humble/install/ros2trace:/ssd/ros2_humble/install/ros2topic:/ssd/ros2_humble/install/ros2test:/ssd/ros2_humble/install/ros2param:/ssd/ros2_humble/install/ros2lifecycle:/ssd/ros2_humble/install/ros2service:/ssd/ros2_humble/install/ros2run:/ssd/ros2_humble/install/ros2launch:/ssd/ros2_humble/install/ros2pkg:/ssd/ros2_humble/install/ros2node:/ssd/ros2_humble/install/ros2multicast:/ssd/ros2_humble/install/ros2interface:/ssd/ros2_humble/install/ros2action:/ssd/ros2_humble/install/ros2cli:/ssd/ros2_humble/install/launch_testing_ros:/ssd/ros2_humble/install/launch_ros:/ssd/ros2_humble/install/examples_rclpy_minimal_action_server:/ssd/ros2_humble/install/examples_rclpy_minimal_action_client:/ssd/ros2_humble/install/examples_rclpy_guard_conditions:/ssd/ros2_humble/install/action_tutorials_py:/ssd/ros2_humble/install/ament_uncrustify:/ssd/ros2_humble/install/tracetools_trace:/ssd/ros2_humble/install/tracetools_read:/ssd/ros2_humble/install/test_tracetools_launch:/ssd/ros2_humble/install/test_ros2trace:/ssd/ros2_humble/install/test_launch_ros:/ssd/ros2_humble/install/rpyutils:/ssd/ros2_humble/install/rosidl_runtime_py:/ssd/ros2_humble/install/rosidl_pycommon:/ssd/ros2_humble/install/rosidl_cli:/ssd/ros2_humble/install/launch_pytest:/ssd/ros2_humble/install/launch_testing:/ssd/ros2_humble/install/launch_yaml:/ssd/ros2_humble/install/launch_xml:/ssd/ros2_humble/install/launch:/ssd/ros2_humble/install/osrf_pycommon:/ssd/ros2_humble/install/domain_coordinator:/ssd/ros2_humble/install/ament_xmllint:/ssd/ros2_humble/install/ament_pyflakes:/ssd/ros2_humble/install/ament_pycodestyle:/ssd/ros2_humble/install/ament_pep257:/ssd/ros2_humble/install/ament_pclint:/ssd/ros2_humble/install/ament_package:/ssd/ros2_humble/install/ament_mypy:/ssd/ros2_humble/install/ament_lint_cmake:/ssd/ros2_humble/install/ament_flake8:/ssd/ros2_humble/install/ament_copyright:/ssd/ros2_humble/install/ament_lint:/ssd/ros2_humble/install/ament_index_python:/ssd/ros2_humble/install/ament_cpplint:/ssd/ros2_humble/install/ament_cppcheck:/ssd/ros2_humble/install/ament_clang_tidy:/ssd/ros2_humble/install/ament_clang_format /usr/local/bin/cmake --build /ssd/workspaces/learn_ros2/build/my_cpp_pck -- -j12 -l12
[23.838s] DEBUG:colcon.colcon_core.event_handler.log_command:Invoked command in '/ssd/workspaces/learn_ros2/build/my_cpp_pck' returned '0': CMAKE_PREFIX_PATH=${CMAKE_PREFIX_PATH}:/ssd/ros2_humble/install/rqt_bag_plugins:/ssd/ros2_humble/install/rqt_bag:/ssd/ros2_humble/install/rosbag2_examples_py:/ssd/ros2_humble/install/launch_testing_examples:/ssd/ros2_humble/install/ros2bag:/ssd/ros2_humble/install/tracetools_test:/ssd/ros2_humble/install/tracetools_launch:/ssd/ros2_humble/install/topic_monitor:/ssd/ros2_humble/install/tf2_tools:/ssd/ros2_humble/install/examples_tf2_py:/ssd/ros2_humble/install/tf2_ros_py:/ssd/ros2_humble/install/examples_rclpy_pointcloud_publisher:/ssd/ros2_humble/install/sensor_msgs_py:/ssd/ros2_humble/install/quality_of_service_demo_py:/ssd/ros2_humble/install/rqt_plot:/ssd/ros2_humble/install/ros2doctor:/ssd/ros2_humble/install/lifecycle_py:/ssd/ros2_humble/install/examples_rclpy_minimal_subscriber:/ssd/ros2_humble/install/examples_rclpy_minimal_service:/ssd/ros2_humble/install/examples_rclpy_minimal_publisher:/ssd/ros2_humble/install/examples_rclpy_minimal_client:/ssd/ros2_humble/install/examples_rclpy_executors:/ssd/ros2_humble/install/demo_nodes_py:/ssd/ros2_humble/install/rqt:/ssd/ros2_humble/install/ros2component:/ssd/ros2_humble/install/sros2:/ssd/ros2_humble/install/rqt_topic:/ssd/ros2_humble/install/rqt_srv:/ssd/ros2_humble/install/rqt_shell:/ssd/ros2_humble/install/rqt_service_caller:/ssd/ros2_humble/install/rqt_reconfigure:/ssd/ros2_humble/install/rqt_py_console:/ssd/ros2_humble/install/rqt_publisher:/ssd/ros2_humble/install/rqt_action:/ssd/ros2_humble/install/rqt_msg:/ssd/ros2_humble/install/rqt_console:/ssd/ros2_humble/install/rqt_graph:/ssd/ros2_humble/install/rqt_gui_py:/ssd/ros2_humble/install/rqt_gui:/ssd/ros2_humble/install/ros2trace:/ssd/ros2_humble/install/ros2topic:/ssd/ros2_humble/install/ros2test:/ssd/ros2_humble/install/ros2param:/ssd/ros2_humble/install/ros2lifecycle:/ssd/ros2_humble/install/ros2service:/ssd/ros2_humble/install/ros2run:/ssd/ros2_humble/install/ros2launch:/ssd/ros2_humble/install/ros2pkg:/ssd/ros2_humble/install/ros2node:/ssd/ros2_humble/install/ros2multicast:/ssd/ros2_humble/install/ros2interface:/ssd/ros2_humble/install/ros2action:/ssd/ros2_humble/install/ros2cli:/ssd/ros2_humble/install/launch_testing_ros:/ssd/ros2_humble/install/launch_ros:/ssd/ros2_humble/install/examples_rclpy_minimal_action_server:/ssd/ros2_humble/install/examples_rclpy_minimal_action_client:/ssd/ros2_humble/install/examples_rclpy_guard_conditions:/ssd/ros2_humble/install/action_tutorials_py:/ssd/ros2_humble/install/ament_uncrustify:/ssd/ros2_humble/install/tracetools_trace:/ssd/ros2_humble/install/tracetools_read:/ssd/ros2_humble/install/test_tracetools_launch:/ssd/ros2_humble/install/test_ros2trace:/ssd/ros2_humble/install/test_launch_ros:/ssd/ros2_humble/install/rpyutils:/ssd/ros2_humble/install/rosidl_runtime_py:/ssd/ros2_humble/install/rosidl_pycommon:/ssd/ros2_humble/install/rosidl_cli:/ssd/ros2_humble/install/launch_pytest:/ssd/ros2_humble/install/launch_testing:/ssd/ros2_humble/install/launch_yaml:/ssd/ros2_humble/install/launch_xml:/ssd/ros2_humble/install/launch:/ssd/ros2_humble/install/osrf_pycommon:/ssd/ros2_humble/install/domain_coordinator:/ssd/ros2_humble/install/ament_xmllint:/ssd/ros2_humble/install/ament_pyflakes:/ssd/ros2_humble/install/ament_pycodestyle:/ssd/ros2_humble/install/ament_pep257:/ssd/ros2_humble/install/ament_pclint:/ssd/ros2_humble/install/ament_package:/ssd/ros2_humble/install/ament_mypy:/ssd/ros2_humble/install/ament_lint_cmake:/ssd/ros2_humble/install/ament_flake8:/ssd/ros2_humble/install/ament_copyright:/ssd/ros2_humble/install/ament_lint:/ssd/ros2_humble/install/ament_index_python:/ssd/ros2_humble/install/ament_cpplint:/ssd/ros2_humble/install/ament_cppcheck:/ssd/ros2_humble/install/ament_clang_tidy:/ssd/ros2_humble/install/ament_clang_format /usr/local/bin/cmake --build /ssd/workspaces/learn_ros2/build/my_cpp_pck -- -j12 -l12
[26.042s] DEBUG:colcon.colcon_core.event_handler.log_command:Invoking command in '/ssd/workspaces/learn_ros2/build/my_cpp_pck': CMAKE_PREFIX_PATH=${CMAKE_PREFIX_PATH}:/ssd/ros2_humble/install/rqt_bag_plugins:/ssd/ros2_humble/install/rqt_bag:/ssd/ros2_humble/install/rosbag2_examples_py:/ssd/ros2_humble/install/launch_testing_examples:/ssd/ros2_humble/install/ros2bag:/ssd/ros2_humble/install/tracetools_test:/ssd/ros2_humble/install/tracetools_launch:/ssd/ros2_humble/install/topic_monitor:/ssd/ros2_humble/install/tf2_tools:/ssd/ros2_humble/install/examples_tf2_py:/ssd/ros2_humble/install/tf2_ros_py:/ssd/ros2_humble/install/examples_rclpy_pointcloud_publisher:/ssd/ros2_humble/install/sensor_msgs_py:/ssd/ros2_humble/install/quality_of_service_demo_py:/ssd/ros2_humble/install/rqt_plot:/ssd/ros2_humble/install/ros2doctor:/ssd/ros2_humble/install/lifecycle_py:/ssd/ros2_humble/install/examples_rclpy_minimal_subscriber:/ssd/ros2_humble/install/examples_rclpy_minimal_service:/ssd/ros2_humble/install/examples_rclpy_minimal_publisher:/ssd/ros2_humble/install/examples_rclpy_minimal_client:/ssd/ros2_humble/install/examples_rclpy_executors:/ssd/ros2_humble/install/demo_nodes_py:/ssd/ros2_humble/install/rqt:/ssd/ros2_humble/install/ros2component:/ssd/ros2_humble/install/sros2:/ssd/ros2_humble/install/rqt_topic:/ssd/ros2_humble/install/rqt_srv:/ssd/ros2_humble/install/rqt_shell:/ssd/ros2_humble/install/rqt_service_caller:/ssd/ros2_humble/install/rqt_reconfigure:/ssd/ros2_humble/install/rqt_py_console:/ssd/ros2_humble/install/rqt_publisher:/ssd/ros2_humble/install/rqt_action:/ssd/ros2_humble/install/rqt_msg:/ssd/ros2_humble/install/rqt_console:/ssd/ros2_humble/install/rqt_graph:/ssd/ros2_humble/install/rqt_gui_py:/ssd/ros2_humble/install/rqt_gui:/ssd/ros2_humble/install/ros2trace:/ssd/ros2_humble/install/ros2topic:/ssd/ros2_humble/install/ros2test:/ssd/ros2_humble/install/ros2param:/ssd/ros2_humble/install/ros2lifecycle:/ssd/ros2_humble/install/ros2service:/ssd/ros2_humble/install/ros2run:/ssd/ros2_humble/install/ros2launch:/ssd/ros2_humble/install/ros2pkg:/ssd/ros2_humble/install/ros2node:/ssd/ros2_humble/install/ros2multicast:/ssd/ros2_humble/install/ros2interface:/ssd/ros2_humble/install/ros2action:/ssd/ros2_humble/install/ros2cli:/ssd/ros2_humble/install/launch_testing_ros:/ssd/ros2_humble/install/launch_ros:/ssd/ros2_humble/install/examples_rclpy_minimal_action_server:/ssd/ros2_humble/install/examples_rclpy_minimal_action_client:/ssd/ros2_humble/install/examples_rclpy_guard_conditions:/ssd/ros2_humble/install/action_tutorials_py:/ssd/ros2_humble/install/ament_uncrustify:/ssd/ros2_humble/install/tracetools_trace:/ssd/ros2_humble/install/tracetools_read:/ssd/ros2_humble/install/test_tracetools_launch:/ssd/ros2_humble/install/test_ros2trace:/ssd/ros2_humble/install/test_launch_ros:/ssd/ros2_humble/install/rpyutils:/ssd/ros2_humble/install/rosidl_runtime_py:/ssd/ros2_humble/install/rosidl_pycommon:/ssd/ros2_humble/install/rosidl_cli:/ssd/ros2_humble/install/launch_pytest:/ssd/ros2_humble/install/launch_testing:/ssd/ros2_humble/install/launch_yaml:/ssd/ros2_humble/install/launch_xml:/ssd/ros2_humble/install/launch:/ssd/ros2_humble/install/osrf_pycommon:/ssd/ros2_humble/install/domain_coordinator:/ssd/ros2_humble/install/ament_xmllint:/ssd/ros2_humble/install/ament_pyflakes:/ssd/ros2_humble/install/ament_pycodestyle:/ssd/ros2_humble/install/ament_pep257:/ssd/ros2_humble/install/ament_pclint:/ssd/ros2_humble/install/ament_package:/ssd/ros2_humble/install/ament_mypy:/ssd/ros2_humble/install/ament_lint_cmake:/ssd/ros2_humble/install/ament_flake8:/ssd/ros2_humble/install/ament_copyright:/ssd/ros2_humble/install/ament_lint:/ssd/ros2_humble/install/ament_index_python:/ssd/ros2_humble/install/ament_cpplint:/ssd/ros2_humble/install/ament_cppcheck:/ssd/ros2_humble/install/ament_clang_tidy:/ssd/ros2_humble/install/ament_clang_format /usr/local/bin/cmake --install /ssd/workspaces/learn_ros2/build/my_cpp_pck
[27.067s] Level 1:colcon.colcon_core.environment:create_environment_scripts_only(my_cpp_pck)
[27.068s] DEBUG:colcon.colcon_core.event_handler.log_command:Invoked command in '/ssd/workspaces/learn_ros2/build/my_cpp_pck' returned '0': CMAKE_PREFIX_PATH=${CMAKE_PREFIX_PATH}:/ssd/ros2_humble/install/rqt_bag_plugins:/ssd/ros2_humble/install/rqt_bag:/ssd/ros2_humble/install/rosbag2_examples_py:/ssd/ros2_humble/install/launch_testing_examples:/ssd/ros2_humble/install/ros2bag:/ssd/ros2_humble/install/tracetools_test:/ssd/ros2_humble/install/tracetools_launch:/ssd/ros2_humble/install/topic_monitor:/ssd/ros2_humble/install/tf2_tools:/ssd/ros2_humble/install/examples_tf2_py:/ssd/ros2_humble/install/tf2_ros_py:/ssd/ros2_humble/install/examples_rclpy_pointcloud_publisher:/ssd/ros2_humble/install/sensor_msgs_py:/ssd/ros2_humble/install/quality_of_service_demo_py:/ssd/ros2_humble/install/rqt_plot:/ssd/ros2_humble/install/ros2doctor:/ssd/ros2_humble/install/lifecycle_py:/ssd/ros2_humble/install/examples_rclpy_minimal_subscriber:/ssd/ros2_humble/install/examples_rclpy_minimal_service:/ssd/ros2_humble/install/examples_rclpy_minimal_publisher:/ssd/ros2_humble/install/examples_rclpy_minimal_client:/ssd/ros2_humble/install/examples_rclpy_executors:/ssd/ros2_humble/install/demo_nodes_py:/ssd/ros2_humble/install/rqt:/ssd/ros2_humble/install/ros2component:/ssd/ros2_humble/install/sros2:/ssd/ros2_humble/install/rqt_topic:/ssd/ros2_humble/install/rqt_srv:/ssd/ros2_humble/install/rqt_shell:/ssd/ros2_humble/install/rqt_service_caller:/ssd/ros2_humble/install/rqt_reconfigure:/ssd/ros2_humble/install/rqt_py_console:/ssd/ros2_humble/install/rqt_publisher:/ssd/ros2_humble/install/rqt_action:/ssd/ros2_humble/install/rqt_msg:/ssd/ros2_humble/install/rqt_console:/ssd/ros2_humble/install/rqt_graph:/ssd/ros2_humble/install/rqt_gui_py:/ssd/ros2_humble/install/rqt_gui:/ssd/ros2_humble/install/ros2trace:/ssd/ros2_humble/install/ros2topic:/ssd/ros2_humble/install/ros2test:/ssd/ros2_humble/install/ros2param:/ssd/ros2_humble/install/ros2lifecycle:/ssd/ros2_humble/install/ros2service:/ssd/ros2_humble/install/ros2run:/ssd/ros2_humble/install/ros2launch:/ssd/ros2_humble/install/ros2pkg:/ssd/ros2_humble/install/ros2node:/ssd/ros2_humble/install/ros2multicast:/ssd/ros2_humble/install/ros2interface:/ssd/ros2_humble/install/ros2action:/ssd/ros2_humble/install/ros2cli:/ssd/ros2_humble/install/launch_testing_ros:/ssd/ros2_humble/install/launch_ros:/ssd/ros2_humble/install/examples_rclpy_minimal_action_server:/ssd/ros2_humble/install/examples_rclpy_minimal_action_client:/ssd/ros2_humble/install/examples_rclpy_guard_conditions:/ssd/ros2_humble/install/action_tutorials_py:/ssd/ros2_humble/install/ament_uncrustify:/ssd/ros2_humble/install/tracetools_trace:/ssd/ros2_humble/install/tracetools_read:/ssd/ros2_humble/install/test_tracetools_launch:/ssd/ros2_humble/install/test_ros2trace:/ssd/ros2_humble/install/test_launch_ros:/ssd/ros2_humble/install/rpyutils:/ssd/ros2_humble/install/rosidl_runtime_py:/ssd/ros2_humble/install/rosidl_pycommon:/ssd/ros2_humble/install/rosidl_cli:/ssd/ros2_humble/install/launch_pytest:/ssd/ros2_humble/install/launch_testing:/ssd/ros2_humble/install/launch_yaml:/ssd/ros2_humble/install/launch_xml:/ssd/ros2_humble/install/launch:/ssd/ros2_humble/install/osrf_pycommon:/ssd/ros2_humble/install/domain_coordinator:/ssd/ros2_humble/install/ament_xmllint:/ssd/ros2_humble/install/ament_pyflakes:/ssd/ros2_humble/install/ament_pycodestyle:/ssd/ros2_humble/install/ament_pep257:/ssd/ros2_humble/install/ament_pclint:/ssd/ros2_humble/install/ament_package:/ssd/ros2_humble/install/ament_mypy:/ssd/ros2_humble/install/ament_lint_cmake:/ssd/ros2_humble/install/ament_flake8:/ssd/ros2_humble/install/ament_copyright:/ssd/ros2_humble/install/ament_lint:/ssd/ros2_humble/install/ament_index_python:/ssd/ros2_humble/install/ament_cpplint:/ssd/ros2_humble/install/ament_cppcheck:/ssd/ros2_humble/install/ament_clang_tidy:/ssd/ros2_humble/install/ament_clang_format /usr/local/bin/cmake --install /ssd/workspaces/learn_ros2/build/my_cpp_pck
[27.095s] Level 1:colcon.colcon_core.environment:checking '/ssd/workspaces/learn_ros2/install/my_cpp_pck' for CMake module files
[27.096s] Level 1:colcon.colcon_core.environment:checking '/ssd/workspaces/learn_ros2/install/my_cpp_pck' for CMake config files
[27.096s] Level 1:colcon.colcon_core.shell:create_environment_hook('my_cpp_pck', 'cmake_prefix_path')
[27.097s] INFO:colcon.colcon_core.shell:Creating environment hook '/ssd/workspaces/learn_ros2/install/my_cpp_pck/share/my_cpp_pck/hook/cmake_prefix_path.ps1'
[27.099s] INFO:colcon.colcon_core.shell:Creating environment descriptor '/ssd/workspaces/learn_ros2/install/my_cpp_pck/share/my_cpp_pck/hook/cmake_prefix_path.dsv'
[27.100s] INFO:colcon.colcon_core.shell:Creating environment hook '/ssd/workspaces/learn_ros2/install/my_cpp_pck/share/my_cpp_pck/hook/cmake_prefix_path.sh'
[27.102s] Level 1:colcon.colcon_core.environment:checking '/ssd/workspaces/learn_ros2/install/my_cpp_pck/lib'
[27.102s] Level 1:colcon.colcon_core.environment:checking '/ssd/workspaces/learn_ros2/install/my_cpp_pck/bin'
[27.102s] Level 1:colcon.colcon_core.environment:checking '/ssd/workspaces/learn_ros2/install/my_cpp_pck/lib/pkgconfig/my_cpp_pck.pc'
[27.109s] Level 1:colcon.colcon_core.environment:checking '/ssd/workspaces/learn_ros2/install/my_cpp_pck/lib/python3.8/site-packages'
[27.110s] Level 1:colcon.colcon_core.environment:checking '/ssd/workspaces/learn_ros2/install/my_cpp_pck/bin'
[27.110s] INFO:colcon.colcon_core.shell:Creating package script '/ssd/workspaces/learn_ros2/install/my_cpp_pck/share/my_cpp_pck/package.ps1'
[27.112s] INFO:colcon.colcon_core.shell:Creating package descriptor '/ssd/workspaces/learn_ros2/install/my_cpp_pck/share/my_cpp_pck/package.dsv'
[27.113s] INFO:colcon.colcon_core.shell:Creating package script '/ssd/workspaces/learn_ros2/install/my_cpp_pck/share/my_cpp_pck/package.sh'
[27.115s] INFO:colcon.colcon_core.shell:Creating package script '/ssd/workspaces/learn_ros2/install/my_cpp_pck/share/my_cpp_pck/package.bash'
[27.117s] INFO:colcon.colcon_core.shell:Creating package script '/ssd/workspaces/learn_ros2/install/my_cpp_pck/share/my_cpp_pck/package.zsh'
[27.118s] Level 1:colcon.colcon_core.environment:create_file_with_runtime_dependencies(/ssd/workspaces/learn_ros2/install/my_cpp_pck/share/colcon-core/packages/my_cpp_pck)
[28.347s] Level 1:colcon.colcon_core.environment:create_environment_scripts_only(my_cpp_pck)
[28.348s] Level 1:colcon.colcon_core.environment:checking '/ssd/workspaces/learn_ros2/install/my_cpp_pck' for CMake module files
[28.349s] Level 1:colcon.colcon_core.environment:checking '/ssd/workspaces/learn_ros2/install/my_cpp_pck' for CMake config files
[28.350s] Level 1:colcon.colcon_core.shell:create_environment_hook('my_cpp_pck', 'cmake_prefix_path')
[28.350s] INFO:colcon.colcon_core.shell:Creating environment hook '/ssd/workspaces/learn_ros2/install/my_cpp_pck/share/my_cpp_pck/hook/cmake_prefix_path.ps1'
[28.351s] INFO:colcon.colcon_core.shell:Creating environment descriptor '/ssd/workspaces/learn_ros2/install/my_cpp_pck/share/my_cpp_pck/hook/cmake_prefix_path.dsv'
[28.352s] INFO:colcon.colcon_core.shell:Creating environment hook '/ssd/workspaces/learn_ros2/install/my_cpp_pck/share/my_cpp_pck/hook/cmake_prefix_path.sh'
[28.353s] Level 1:colcon.colcon_core.environment:checking '/ssd/workspaces/learn_ros2/install/my_cpp_pck/lib'
[28.353s] Level 1:colcon.colcon_core.environment:checking '/ssd/workspaces/learn_ros2/install/my_cpp_pck/bin'
[28.353s] Level 1:colcon.colcon_core.environment:checking '/ssd/workspaces/learn_ros2/install/my_cpp_pck/lib/pkgconfig/my_cpp_pck.pc'
[28.354s] Level 1:colcon.colcon_core.environment:checking '/ssd/workspaces/learn_ros2/install/my_cpp_pck/lib/python3.8/site-packages'
[28.354s] Level 1:colcon.colcon_core.environment:checking '/ssd/workspaces/learn_ros2/install/my_cpp_pck/bin'
[28.355s] INFO:colcon.colcon_core.shell:Creating package script '/ssd/workspaces/learn_ros2/install/my_cpp_pck/share/my_cpp_pck/package.ps1'
[28.356s] INFO:colcon.colcon_core.shell:Creating package descriptor '/ssd/workspaces/learn_ros2/install/my_cpp_pck/share/my_cpp_pck/package.dsv'
[28.356s] INFO:colcon.colcon_core.shell:Creating package script '/ssd/workspaces/learn_ros2/install/my_cpp_pck/share/my_cpp_pck/package.sh'
[28.357s] INFO:colcon.colcon_core.shell:Creating package script '/ssd/workspaces/learn_ros2/install/my_cpp_pck/share/my_cpp_pck/package.bash'
[28.358s] INFO:colcon.colcon_core.shell:Creating package script '/ssd/workspaces/learn_ros2/install/my_cpp_pck/share/my_cpp_pck/package.zsh'
[28.359s] Level 1:colcon.colcon_core.environment:create_file_with_runtime_dependencies(/ssd/workspaces/learn_ros2/install/my_cpp_pck/share/colcon-core/packages/my_cpp_pck)
[28.359s] DEBUG:colcon.colcon_parallel_executor.executor.parallel:closing loop
[28.360s] DEBUG:colcon.colcon_parallel_executor.executor.parallel:loop closed
[28.360s] DEBUG:colcon.colcon_parallel_executor.executor.parallel:run_until_complete finished with '0'
[28.360s] DEBUG:colcon.colcon_core.event_reactor:joining thread
[28.400s] INFO:colcon.colcon_core.plugin_system:Skipping extension 'colcon_notification.desktop_notification.terminal_notifier': Not used on non-Darwin systems
[28.400s] INFO:colcon.colcon_core.plugin_system:Skipping extension 'colcon_notification.desktop_notification.win32': Not used on non-Windows systems
[28.400s] INFO:colcon.colcon_notification.desktop_notification:Sending desktop notification using 'notify2'
[28.432s] DEBUG:colcon.colcon_core.event_reactor:joined thread
[28.433s] INFO:colcon.colcon_core.shell:Creating prefix script '/ssd/workspaces/learn_ros2/install/local_setup.ps1'
[28.435s] INFO:colcon.colcon_core.shell:Creating prefix util module '/ssd/workspaces/learn_ros2/install/_local_setup_util_ps1.py'
[28.438s] INFO:colcon.colcon_core.shell:Creating prefix chain script '/ssd/workspaces/learn_ros2/install/setup.ps1'
[28.475s] INFO:colcon.colcon_core.shell:Creating prefix script '/ssd/workspaces/learn_ros2/install/local_setup.sh'
[28.477s] INFO:colcon.colcon_core.shell:Creating prefix util module '/ssd/workspaces/learn_ros2/install/_local_setup_util_sh.py'
[28.478s] INFO:colcon.colcon_core.shell:Creating prefix chain script '/ssd/workspaces/learn_ros2/install/setup.sh'
[28.516s] INFO:colcon.colcon_core.shell:Creating prefix script '/ssd/workspaces/learn_ros2/install/local_setup.bash'
[28.517s] INFO:colcon.colcon_core.shell:Creating prefix chain script '/ssd/workspaces/learn_ros2/install/setup.bash'
[28.554s] INFO:colcon.colcon_core.shell:Creating prefix script '/ssd/workspaces/learn_ros2/install/local_setup.zsh'
[28.555s] INFO:colcon.colcon_core.shell:Creating prefix chain script '/ssd/workspaces/learn_ros2/install/setup.zsh'
