[4.158s] Invoking command in '/ssd/workspaces/learn_ros2/src/my_py_pck': PYTHONPATH=/ssd/workspaces/learn_ros2/build/my_py_pck/prefix_override:/ssd/workspaces/learn_ros2/install/my_py_pck/lib/python3.8/site-packages:${PYTHONPATH} /usr/bin/python3 -W ignore:setup.py install is deprecated setup.py egg_info --egg-base ../../build/my_py_pck build --build-base /ssd/workspaces/learn_ros2/build/my_py_pck/build install --record /ssd/workspaces/learn_ros2/build/my_py_pck/install.log --single-version-externally-managed install_data
[5.908s] running egg_info
[5.909s] writing ../../build/my_py_pck/my_py_pck.egg-info/PKG-INFO
[5.909s] writing dependency_links to ../../build/my_py_pck/my_py_pck.egg-info/dependency_links.txt
[5.910s] writing entry points to ../../build/my_py_pck/my_py_pck.egg-info/entry_points.txt
[5.910s] writing requirements to ../../build/my_py_pck/my_py_pck.egg-info/requires.txt
[5.910s] writing top-level names to ../../build/my_py_pck/my_py_pck.egg-info/top_level.txt
[5.991s] reading manifest file '../../build/my_py_pck/my_py_pck.egg-info/SOURCES.txt'
[5.992s] writing manifest file '../../build/my_py_pck/my_py_pck.egg-info/SOURCES.txt'
[5.993s] running build
[5.993s] running build_py
[5.993s] copying my_py_pck/add_two_ints_server.py -> /ssd/workspaces/learn_ros2/build/my_py_pck/build/lib/my_py_pck
[5.994s] running install
[6.000s] running install_lib
[6.002s] copying /ssd/workspaces/learn_ros2/build/my_py_pck/build/lib/my_py_pck/add_two_ints_server.py -> /ssd/workspaces/learn_ros2/install/my_py_pck/lib/python3.8/site-packages/my_py_pck
[6.007s] byte-compiling /ssd/workspaces/learn_ros2/install/my_py_pck/lib/python3.8/site-packages/my_py_pck/add_two_ints_server.py to add_two_ints_server.cpython-38.pyc
[6.010s] running install_data
[6.010s] running install_egg_info
[6.017s] removing '/ssd/workspaces/learn_ros2/install/my_py_pck/lib/python3.8/site-packages/my_py_pck-0.0.0-py3.8.egg-info' (and everything under it)
[6.018s] Copying ../../build/my_py_pck/my_py_pck.egg-info to /ssd/workspaces/learn_ros2/install/my_py_pck/lib/python3.8/site-packages/my_py_pck-0.0.0-py3.8.egg-info
[6.020s] running install_scripts
[6.080s] Installing py_node script to /ssd/workspaces/learn_ros2/install/my_py_pck/lib/my_py_pck
[6.081s] Installing robot_news_station script to /ssd/workspaces/learn_ros2/install/my_py_pck/lib/my_py_pck
[6.081s] Installing smartphone = my_py_pck.smartphone:mainadd_two_ints_server script to /ssd/workspaces/learn_ros2/install/my_py_pck/lib/my_py_pck
[6.082s] writing list of installed files to '/ssd/workspaces/learn_ros2/build/my_py_pck/install.log'
[6.130s] Invoked command in '/ssd/workspaces/learn_ros2/src/my_py_pck' returned '0': PYTHONPATH=/ssd/workspaces/learn_ros2/build/my_py_pck/prefix_override:/ssd/workspaces/learn_ros2/install/my_py_pck/lib/python3.8/site-packages:${PYTHONPATH} /usr/bin/python3 -W ignore:setup.py install is deprecated setup.py egg_info --egg-base ../../build/my_py_pck build --build-base /ssd/workspaces/learn_ros2/build/my_py_pck/build install --record /ssd/workspaces/learn_ros2/build/my_py_pck/install.log --single-version-externally-managed install_data
