[0.089s] Invoking command in '/ssd/workspaces/learn_ros2/build/my_cpp_pck': CMAKE_PREFIX_PATH=${CMAKE_PREFIX_PATH}:/ssd/workspaces/learn_ros2/install/my_py_pck:/ssd/ros2_humble/install/rqt_bag_plugins:/ssd/ros2_humble/install/rqt_bag:/ssd/ros2_humble/install/rosbag2_examples_py:/ssd/ros2_humble/install/launch_testing_examples:/ssd/ros2_humble/install/ros2bag:/ssd/ros2_humble/install/tracetools_test:/ssd/ros2_humble/install/tracetools_launch:/ssd/ros2_humble/install/topic_monitor:/ssd/ros2_humble/install/tf2_tools:/ssd/ros2_humble/install/examples_tf2_py:/ssd/ros2_humble/install/tf2_ros_py:/ssd/ros2_humble/install/examples_rclpy_pointcloud_publisher:/ssd/ros2_humble/install/sensor_msgs_py:/ssd/ros2_humble/install/quality_of_service_demo_py:/ssd/ros2_humble/install/rqt_plot:/ssd/ros2_humble/install/ros2doctor:/ssd/ros2_humble/install/lifecycle_py:/ssd/ros2_humble/install/examples_rclpy_minimal_subscriber:/ssd/ros2_humble/install/examples_rclpy_minimal_service:/ssd/ros2_humble/install/examples_rclpy_minimal_publisher:/ssd/ros2_humble/install/examples_rclpy_minimal_client:/ssd/ros2_humble/install/examples_rclpy_executors:/ssd/ros2_humble/install/demo_nodes_py:/ssd/ros2_humble/install/rqt:/ssd/ros2_humble/install/ros2component:/ssd/ros2_humble/install/sros2:/ssd/ros2_humble/install/rqt_topic:/ssd/ros2_humble/install/rqt_srv:/ssd/ros2_humble/install/rqt_shell:/ssd/ros2_humble/install/rqt_service_caller:/ssd/ros2_humble/install/rqt_reconfigure:/ssd/ros2_humble/install/rqt_py_console:/ssd/ros2_humble/install/rqt_publisher:/ssd/ros2_humble/install/rqt_action:/ssd/ros2_humble/install/rqt_msg:/ssd/ros2_humble/install/rqt_console:/ssd/ros2_humble/install/rqt_graph:/ssd/ros2_humble/install/rqt_gui_py:/ssd/ros2_humble/install/rqt_gui:/ssd/ros2_humble/install/ros2trace:/ssd/ros2_humble/install/ros2topic:/ssd/ros2_humble/install/ros2test:/ssd/ros2_humble/install/ros2param:/ssd/ros2_humble/install/ros2lifecycle:/ssd/ros2_humble/install/ros2service:/ssd/ros2_humble/install/ros2run:/ssd/ros2_humble/install/ros2launch:/ssd/ros2_humble/install/ros2pkg:/ssd/ros2_humble/install/ros2node:/ssd/ros2_humble/install/ros2multicast:/ssd/ros2_humble/install/ros2interface:/ssd/ros2_humble/install/ros2action:/ssd/ros2_humble/install/ros2cli:/ssd/ros2_humble/install/launch_testing_ros:/ssd/ros2_humble/install/launch_ros:/ssd/ros2_humble/install/examples_rclpy_minimal_action_server:/ssd/ros2_humble/install/examples_rclpy_minimal_action_client:/ssd/ros2_humble/install/examples_rclpy_guard_conditions:/ssd/ros2_humble/install/action_tutorials_py:/ssd/ros2_humble/install/ament_uncrustify:/ssd/ros2_humble/install/tracetools_trace:/ssd/ros2_humble/install/tracetools_read:/ssd/ros2_humble/install/test_tracetools_launch:/ssd/ros2_humble/install/test_ros2trace:/ssd/ros2_humble/install/test_launch_ros:/ssd/ros2_humble/install/rpyutils:/ssd/ros2_humble/install/rosidl_runtime_py:/ssd/ros2_humble/install/rosidl_pycommon:/ssd/ros2_humble/install/rosidl_cli:/ssd/ros2_humble/install/launch_pytest:/ssd/ros2_humble/install/launch_testing:/ssd/ros2_humble/install/launch_yaml:/ssd/ros2_humble/install/launch_xml:/ssd/ros2_humble/install/launch:/ssd/ros2_humble/install/osrf_pycommon:/ssd/ros2_humble/install/domain_coordinator:/ssd/ros2_humble/install/ament_xmllint:/ssd/ros2_humble/install/ament_pyflakes:/ssd/ros2_humble/install/ament_pycodestyle:/ssd/ros2_humble/install/ament_pep257:/ssd/ros2_humble/install/ament_pclint:/ssd/ros2_humble/install/ament_package:/ssd/ros2_humble/install/ament_mypy:/ssd/ros2_humble/install/ament_lint_cmake:/ssd/ros2_humble/install/ament_flake8:/ssd/ros2_humble/install/ament_copyright:/ssd/ros2_humble/install/ament_lint:/ssd/ros2_humble/install/ament_index_python:/ssd/ros2_humble/install/ament_cpplint:/ssd/ros2_humble/install/ament_cppcheck:/ssd/ros2_humble/install/ament_clang_tidy:/ssd/ros2_humble/install/ament_clang_format /usr/local/bin/cmake --build /ssd/workspaces/learn_ros2/build/my_cpp_pck -- -j12 -l12
[1.196s] [ 62%] Built target smartphone
[1.197s] [ 75%] Built target cpp_node
[1.197s] [ 75%] Built target robot_news_station
[1.207s] [ 87%] [32mBuilding CXX object CMakeFiles/add_two_ints_server.dir/src/add_two_ints_server.cpp.o[0m
[7.168s] In file included from [01m[K/ssd/ros2_humble/build/rclcpp/include/rclcpp/logging.hpp:24[m[K,
[7.168s]                  from [01m[K/ssd/ros2_humble/install/rclcpp/include/rclcpp/rclcpp/client.hpp:43[m[K,
[7.168s]                  from [01m[K/ssd/ros2_humble/install/rclcpp/include/rclcpp/rclcpp/callback_group.hpp:24[m[K,
[7.168s]                  from [01m[K/ssd/ros2_humble/install/rclcpp/include/rclcpp/rclcpp/any_executable.hpp:20[m[K,
[7.169s]                  from [01m[K/ssd/ros2_humble/install/rclcpp/include/rclcpp/rclcpp/memory_strategy.hpp:25[m[K,
[7.169s]                  from [01m[K/ssd/ros2_humble/install/rclcpp/include/rclcpp/rclcpp/memory_strategies.hpp:18[m[K,
[7.169s]                  from [01m[K/ssd/ros2_humble/install/rclcpp/include/rclcpp/rclcpp/executor_options.hpp:20[m[K,
[7.169s]                  from [01m[K/ssd/ros2_humble/install/rclcpp/include/rclcpp/rclcpp/executor.hpp:37[m[K,
[7.169s]                  from [01m[K/ssd/ros2_humble/install/rclcpp/include/rclcpp/rclcpp/executors/multi_threaded_executor.hpp:25[m[K,
[7.169s]                  from [01m[K/ssd/ros2_humble/install/rclcpp/include/rclcpp/rclcpp/executors.hpp:21[m[K,
[7.169s]                  from [01m[K/ssd/ros2_humble/install/rclcpp/include/rclcpp/rclcpp/rclcpp.hpp:167[m[K,
[7.170s]                  from [01m[K/ssd/workspaces/learn_ros2/src/my_cpp_pck/src/add_two_ints_server.cpp:1[m[K:
[7.170s] [01m[K/ssd/workspaces/learn_ros2/src/my_cpp_pck/src/add_two_ints_server.cpp:[m[K In member function ‘[01m[Kvoid AddTwoInstsServerNode::callbackAddTwoInts(example_interfaces::srv::AddTwoInts_Request_<std::allocator<void> >::SharedPtr, example_interfaces::srv::AddTwoInts_Response_<std::allocator<void> >::SharedPtr)[m[K’:
[7.170s] [01m[K/ssd/workspaces/learn_ros2/src/my_cpp_pck/src/add_two_ints_server.cpp:23:40:[m[K [01;35m[Kwarning: [m[Kformat ‘[01m[K%d[m[K’ expects argument of type ‘[01m[Kint[m[K’, but argument 5 has type ‘[01m[Kexample_interfaces::srv::AddTwoInts_Request_<std::allocator<void> >::_a_type[m[K’ {aka ‘[01m[Klong int[m[K’} [[01;35m[K-Wformat=[m[K]
[7.170s]    23 |         RCLCPP_INFO(this->get_logger(),[01;35m[K"%d + %d = %d"[m[K,[32m[Krequest->a[m[K, request->b, response->sum);
[7.170s]       |                                        [01;35m[K^~~~~~~~~~~~~~[m[K [32m[K~~~~~~~~~~[m[K
[7.170s]       |                                                                [32m[K|[m[K
[7.170s]       |                                                                [32m[Kexample_interfaces::srv::AddTwoInts_Request_<std::allocator<void> >::_a_type {aka long int}[m[K
[7.171s] [01m[K/ssd/workspaces/learn_ros2/src/my_cpp_pck/src/add_two_ints_server.cpp:23:42:[m[K [01;36m[Knote: [m[Kformat string is defined here
[7.171s]    23 |         RCLCPP_INFO(this->get_logger(),"[01;36m[K%d[m[K + %d = %d",request->a, request->b, response->sum);
[7.171s]       |                                         [01;36m[K~^[m[K
[7.171s]       |                                          [01;36m[K|[m[K
[7.171s]       |                                          [01;36m[Kint[m[K
[7.171s]       |                                         [32m[K%ld[m[K
[7.171s] In file included from [01m[K/ssd/ros2_humble/build/rclcpp/include/rclcpp/logging.hpp:24[m[K,
[7.172s]                  from [01m[K/ssd/ros2_humble/install/rclcpp/include/rclcpp/rclcpp/client.hpp:43[m[K,
[7.172s]                  from [01m[K/ssd/ros2_humble/install/rclcpp/include/rclcpp/rclcpp/callback_group.hpp:24[m[K,
[7.172s]                  from [01m[K/ssd/ros2_humble/install/rclcpp/include/rclcpp/rclcpp/any_executable.hpp:20[m[K,
[7.172s]                  from [01m[K/ssd/ros2_humble/install/rclcpp/include/rclcpp/rclcpp/memory_strategy.hpp:25[m[K,
[7.172s]                  from [01m[K/ssd/ros2_humble/install/rclcpp/include/rclcpp/rclcpp/memory_strategies.hpp:18[m[K,
[7.172s]                  from [01m[K/ssd/ros2_humble/install/rclcpp/include/rclcpp/rclcpp/executor_options.hpp:20[m[K,
[7.172s]                  from [01m[K/ssd/ros2_humble/install/rclcpp/include/rclcpp/rclcpp/executor.hpp:37[m[K,
[7.173s]                  from [01m[K/ssd/ros2_humble/install/rclcpp/include/rclcpp/rclcpp/executors/multi_threaded_executor.hpp:25[m[K,
[7.173s]                  from [01m[K/ssd/ros2_humble/install/rclcpp/include/rclcpp/rclcpp/executors.hpp:21[m[K,
[7.173s]                  from [01m[K/ssd/ros2_humble/install/rclcpp/include/rclcpp/rclcpp/rclcpp.hpp:167[m[K,
[7.173s]                  from [01m[K/ssd/workspaces/learn_ros2/src/my_cpp_pck/src/add_two_ints_server.cpp:1[m[K:
[7.173s] [01m[K/ssd/workspaces/learn_ros2/src/my_cpp_pck/src/add_two_ints_server.cpp:23:40:[m[K [01;35m[Kwarning: [m[Kformat ‘[01m[K%d[m[K’ expects argument of type ‘[01m[Kint[m[K’, but argument 6 has type ‘[01m[Kexample_interfaces::srv::AddTwoInts_Request_<std::allocator<void> >::_b_type[m[K’ {aka ‘[01m[Klong int[m[K’} [[01;35m[K-Wformat=[m[K]
[7.173s]    23 |         RCLCPP_INFO(this->get_logger(),[01;35m[K"%d + %d = %d"[m[K,request->a, [32m[Krequest->b[m[K, response->sum);
[7.173s]       |                                        [01;35m[K^~~~~~~~~~~~~~[m[K             [32m[K~~~~~~~~~~[m[K
[7.174s]       |                                                                            [32m[K|[m[K
[7.174s]       |                                                                            [32m[Kexample_interfaces::srv::AddTwoInts_Request_<std::allocator<void> >::_b_type {aka long int}[m[K
[7.174s] [01m[K/ssd/workspaces/learn_ros2/src/my_cpp_pck/src/add_two_ints_server.cpp:23:47:[m[K [01;36m[Knote: [m[Kformat string is defined here
[7.174s]    23 |         RCLCPP_INFO(this->get_logger(),"%d + [01;36m[K%d[m[K = %d",request->a, request->b, response->sum);
[7.174s]       |                                              [01;36m[K~^[m[K
[7.174s]       |                                               [01;36m[K|[m[K
[7.174s]       |                                               [01;36m[Kint[m[K
[7.174s]       |                                              [32m[K%ld[m[K
[7.175s] In file included from [01m[K/ssd/ros2_humble/build/rclcpp/include/rclcpp/logging.hpp:24[m[K,
[7.175s]                  from [01m[K/ssd/ros2_humble/install/rclcpp/include/rclcpp/rclcpp/client.hpp:43[m[K,
[7.175s]                  from [01m[K/ssd/ros2_humble/install/rclcpp/include/rclcpp/rclcpp/callback_group.hpp:24[m[K,
[7.175s]                  from [01m[K/ssd/ros2_humble/install/rclcpp/include/rclcpp/rclcpp/any_executable.hpp:20[m[K,
[7.175s]                  from [01m[K/ssd/ros2_humble/install/rclcpp/include/rclcpp/rclcpp/memory_strategy.hpp:25[m[K,
[7.175s]                  from [01m[K/ssd/ros2_humble/install/rclcpp/include/rclcpp/rclcpp/memory_strategies.hpp:18[m[K,
[7.175s]                  from [01m[K/ssd/ros2_humble/install/rclcpp/include/rclcpp/rclcpp/executor_options.hpp:20[m[K,
[7.176s]                  from [01m[K/ssd/ros2_humble/install/rclcpp/include/rclcpp/rclcpp/executor.hpp:37[m[K,
[7.176s]                  from [01m[K/ssd/ros2_humble/install/rclcpp/include/rclcpp/rclcpp/executors/multi_threaded_executor.hpp:25[m[K,
[7.176s]                  from [01m[K/ssd/ros2_humble/install/rclcpp/include/rclcpp/rclcpp/executors.hpp:21[m[K,
[7.176s]                  from [01m[K/ssd/ros2_humble/install/rclcpp/include/rclcpp/rclcpp/rclcpp.hpp:167[m[K,
[7.176s]                  from [01m[K/ssd/workspaces/learn_ros2/src/my_cpp_pck/src/add_two_ints_server.cpp:1[m[K:
[7.176s] [01m[K/ssd/workspaces/learn_ros2/src/my_cpp_pck/src/add_two_ints_server.cpp:23:40:[m[K [01;35m[Kwarning: [m[Kformat ‘[01m[K%d[m[K’ expects argument of type ‘[01m[Kint[m[K’, but argument 7 has type ‘[01m[Kexample_interfaces::srv::AddTwoInts_Response_<std::allocator<void> >::_sum_type[m[K’ {aka ‘[01m[Klong int[m[K’} [[01;35m[K-Wformat=[m[K]
[7.176s]    23 |         RCLCPP_INFO(this->get_logger(),[01;35m[K"%d + %d = %d"[m[K,request->a, request->b, [32m[Kresponse->sum[m[K);
[7.176s]       |                                        [01;35m[K^~~~~~~~~~~~~~[m[K                         [32m[K~~~~~~~~~~~~~[m[K
[7.177s]       |                                                                                         [32m[K|[m[K
[7.177s]       |                                                                                         [32m[Kexample_interfaces::srv::AddTwoInts_Response_<std::allocator<void> >::_sum_type {aka long int}[m[K
[7.177s] [01m[K/ssd/workspaces/learn_ros2/src/my_cpp_pck/src/add_two_ints_server.cpp:23:52:[m[K [01;36m[Knote: [m[Kformat string is defined here
[7.177s]    23 |         RCLCPP_INFO(this->get_logger(),"%d + %d = [01;36m[K%d[m[K",request->a, request->b, response->sum);
[7.177s]       |                                                   [01;36m[K~^[m[K
[7.177s]       |                                                    [01;36m[K|[m[K
[7.177s]       |                                                    [01;36m[Kint[m[K
[7.178s]       |                                                   [32m[K%ld[m[K
[23.594s] [100%] [32m[1mLinking CXX executable add_two_ints_server[0m
[25.155s] [100%] Built target add_two_ints_server
[25.181s] Invoked command in '/ssd/workspaces/learn_ros2/build/my_cpp_pck' returned '0': CMAKE_PREFIX_PATH=${CMAKE_PREFIX_PATH}:/ssd/workspaces/learn_ros2/install/my_py_pck:/ssd/ros2_humble/install/rqt_bag_plugins:/ssd/ros2_humble/install/rqt_bag:/ssd/ros2_humble/install/rosbag2_examples_py:/ssd/ros2_humble/install/launch_testing_examples:/ssd/ros2_humble/install/ros2bag:/ssd/ros2_humble/install/tracetools_test:/ssd/ros2_humble/install/tracetools_launch:/ssd/ros2_humble/install/topic_monitor:/ssd/ros2_humble/install/tf2_tools:/ssd/ros2_humble/install/examples_tf2_py:/ssd/ros2_humble/install/tf2_ros_py:/ssd/ros2_humble/install/examples_rclpy_pointcloud_publisher:/ssd/ros2_humble/install/sensor_msgs_py:/ssd/ros2_humble/install/quality_of_service_demo_py:/ssd/ros2_humble/install/rqt_plot:/ssd/ros2_humble/install/ros2doctor:/ssd/ros2_humble/install/lifecycle_py:/ssd/ros2_humble/install/examples_rclpy_minimal_subscriber:/ssd/ros2_humble/install/examples_rclpy_minimal_service:/ssd/ros2_humble/install/examples_rclpy_minimal_publisher:/ssd/ros2_humble/install/examples_rclpy_minimal_client:/ssd/ros2_humble/install/examples_rclpy_executors:/ssd/ros2_humble/install/demo_nodes_py:/ssd/ros2_humble/install/rqt:/ssd/ros2_humble/install/ros2component:/ssd/ros2_humble/install/sros2:/ssd/ros2_humble/install/rqt_topic:/ssd/ros2_humble/install/rqt_srv:/ssd/ros2_humble/install/rqt_shell:/ssd/ros2_humble/install/rqt_service_caller:/ssd/ros2_humble/install/rqt_reconfigure:/ssd/ros2_humble/install/rqt_py_console:/ssd/ros2_humble/install/rqt_publisher:/ssd/ros2_humble/install/rqt_action:/ssd/ros2_humble/install/rqt_msg:/ssd/ros2_humble/install/rqt_console:/ssd/ros2_humble/install/rqt_graph:/ssd/ros2_humble/install/rqt_gui_py:/ssd/ros2_humble/install/rqt_gui:/ssd/ros2_humble/install/ros2trace:/ssd/ros2_humble/install/ros2topic:/ssd/ros2_humble/install/ros2test:/ssd/ros2_humble/install/ros2param:/ssd/ros2_humble/install/ros2lifecycle:/ssd/ros2_humble/install/ros2service:/ssd/ros2_humble/install/ros2run:/ssd/ros2_humble/install/ros2launch:/ssd/ros2_humble/install/ros2pkg:/ssd/ros2_humble/install/ros2node:/ssd/ros2_humble/install/ros2multicast:/ssd/ros2_humble/install/ros2interface:/ssd/ros2_humble/install/ros2action:/ssd/ros2_humble/install/ros2cli:/ssd/ros2_humble/install/launch_testing_ros:/ssd/ros2_humble/install/launch_ros:/ssd/ros2_humble/install/examples_rclpy_minimal_action_server:/ssd/ros2_humble/install/examples_rclpy_minimal_action_client:/ssd/ros2_humble/install/examples_rclpy_guard_conditions:/ssd/ros2_humble/install/action_tutorials_py:/ssd/ros2_humble/install/ament_uncrustify:/ssd/ros2_humble/install/tracetools_trace:/ssd/ros2_humble/install/tracetools_read:/ssd/ros2_humble/install/test_tracetools_launch:/ssd/ros2_humble/install/test_ros2trace:/ssd/ros2_humble/install/test_launch_ros:/ssd/ros2_humble/install/rpyutils:/ssd/ros2_humble/install/rosidl_runtime_py:/ssd/ros2_humble/install/rosidl_pycommon:/ssd/ros2_humble/install/rosidl_cli:/ssd/ros2_humble/install/launch_pytest:/ssd/ros2_humble/install/launch_testing:/ssd/ros2_humble/install/launch_yaml:/ssd/ros2_humble/install/launch_xml:/ssd/ros2_humble/install/launch:/ssd/ros2_humble/install/osrf_pycommon:/ssd/ros2_humble/install/domain_coordinator:/ssd/ros2_humble/install/ament_xmllint:/ssd/ros2_humble/install/ament_pyflakes:/ssd/ros2_humble/install/ament_pycodestyle:/ssd/ros2_humble/install/ament_pep257:/ssd/ros2_humble/install/ament_pclint:/ssd/ros2_humble/install/ament_package:/ssd/ros2_humble/install/ament_mypy:/ssd/ros2_humble/install/ament_lint_cmake:/ssd/ros2_humble/install/ament_flake8:/ssd/ros2_humble/install/ament_copyright:/ssd/ros2_humble/install/ament_lint:/ssd/ros2_humble/install/ament_index_python:/ssd/ros2_humble/install/ament_cpplint:/ssd/ros2_humble/install/ament_cppcheck:/ssd/ros2_humble/install/ament_clang_tidy:/ssd/ros2_humble/install/ament_clang_format /usr/local/bin/cmake --build /ssd/workspaces/learn_ros2/build/my_cpp_pck -- -j12 -l12
[27.332s] Invoking command in '/ssd/workspaces/learn_ros2/build/my_cpp_pck': CMAKE_PREFIX_PATH=${CMAKE_PREFIX_PATH}:/ssd/workspaces/learn_ros2/install/my_py_pck:/ssd/ros2_humble/install/rqt_bag_plugins:/ssd/ros2_humble/install/rqt_bag:/ssd/ros2_humble/install/rosbag2_examples_py:/ssd/ros2_humble/install/launch_testing_examples:/ssd/ros2_humble/install/ros2bag:/ssd/ros2_humble/install/tracetools_test:/ssd/ros2_humble/install/tracetools_launch:/ssd/ros2_humble/install/topic_monitor:/ssd/ros2_humble/install/tf2_tools:/ssd/ros2_humble/install/examples_tf2_py:/ssd/ros2_humble/install/tf2_ros_py:/ssd/ros2_humble/install/examples_rclpy_pointcloud_publisher:/ssd/ros2_humble/install/sensor_msgs_py:/ssd/ros2_humble/install/quality_of_service_demo_py:/ssd/ros2_humble/install/rqt_plot:/ssd/ros2_humble/install/ros2doctor:/ssd/ros2_humble/install/lifecycle_py:/ssd/ros2_humble/install/examples_rclpy_minimal_subscriber:/ssd/ros2_humble/install/examples_rclpy_minimal_service:/ssd/ros2_humble/install/examples_rclpy_minimal_publisher:/ssd/ros2_humble/install/examples_rclpy_minimal_client:/ssd/ros2_humble/install/examples_rclpy_executors:/ssd/ros2_humble/install/demo_nodes_py:/ssd/ros2_humble/install/rqt:/ssd/ros2_humble/install/ros2component:/ssd/ros2_humble/install/sros2:/ssd/ros2_humble/install/rqt_topic:/ssd/ros2_humble/install/rqt_srv:/ssd/ros2_humble/install/rqt_shell:/ssd/ros2_humble/install/rqt_service_caller:/ssd/ros2_humble/install/rqt_reconfigure:/ssd/ros2_humble/install/rqt_py_console:/ssd/ros2_humble/install/rqt_publisher:/ssd/ros2_humble/install/rqt_action:/ssd/ros2_humble/install/rqt_msg:/ssd/ros2_humble/install/rqt_console:/ssd/ros2_humble/install/rqt_graph:/ssd/ros2_humble/install/rqt_gui_py:/ssd/ros2_humble/install/rqt_gui:/ssd/ros2_humble/install/ros2trace:/ssd/ros2_humble/install/ros2topic:/ssd/ros2_humble/install/ros2test:/ssd/ros2_humble/install/ros2param:/ssd/ros2_humble/install/ros2lifecycle:/ssd/ros2_humble/install/ros2service:/ssd/ros2_humble/install/ros2run:/ssd/ros2_humble/install/ros2launch:/ssd/ros2_humble/install/ros2pkg:/ssd/ros2_humble/install/ros2node:/ssd/ros2_humble/install/ros2multicast:/ssd/ros2_humble/install/ros2interface:/ssd/ros2_humble/install/ros2action:/ssd/ros2_humble/install/ros2cli:/ssd/ros2_humble/install/launch_testing_ros:/ssd/ros2_humble/install/launch_ros:/ssd/ros2_humble/install/examples_rclpy_minimal_action_server:/ssd/ros2_humble/install/examples_rclpy_minimal_action_client:/ssd/ros2_humble/install/examples_rclpy_guard_conditions:/ssd/ros2_humble/install/action_tutorials_py:/ssd/ros2_humble/install/ament_uncrustify:/ssd/ros2_humble/install/tracetools_trace:/ssd/ros2_humble/install/tracetools_read:/ssd/ros2_humble/install/test_tracetools_launch:/ssd/ros2_humble/install/test_ros2trace:/ssd/ros2_humble/install/test_launch_ros:/ssd/ros2_humble/install/rpyutils:/ssd/ros2_humble/install/rosidl_runtime_py:/ssd/ros2_humble/install/rosidl_pycommon:/ssd/ros2_humble/install/rosidl_cli:/ssd/ros2_humble/install/launch_pytest:/ssd/ros2_humble/install/launch_testing:/ssd/ros2_humble/install/launch_yaml:/ssd/ros2_humble/install/launch_xml:/ssd/ros2_humble/install/launch:/ssd/ros2_humble/install/osrf_pycommon:/ssd/ros2_humble/install/domain_coordinator:/ssd/ros2_humble/install/ament_xmllint:/ssd/ros2_humble/install/ament_pyflakes:/ssd/ros2_humble/install/ament_pycodestyle:/ssd/ros2_humble/install/ament_pep257:/ssd/ros2_humble/install/ament_pclint:/ssd/ros2_humble/install/ament_package:/ssd/ros2_humble/install/ament_mypy:/ssd/ros2_humble/install/ament_lint_cmake:/ssd/ros2_humble/install/ament_flake8:/ssd/ros2_humble/install/ament_copyright:/ssd/ros2_humble/install/ament_lint:/ssd/ros2_humble/install/ament_index_python:/ssd/ros2_humble/install/ament_cpplint:/ssd/ros2_humble/install/ament_cppcheck:/ssd/ros2_humble/install/ament_clang_tidy:/ssd/ros2_humble/install/ament_clang_format /usr/local/bin/cmake --install /ssd/workspaces/learn_ros2/build/my_cpp_pck
[28.312s] -- Install configuration: ""
[28.313s] -- Up-to-date: /ssd/workspaces/learn_ros2/install/my_cpp_pck/lib/my_cpp_pck/cpp_node
[28.313s] -- Up-to-date: /ssd/workspaces/learn_ros2/install/my_cpp_pck/lib/my_cpp_pck/robot_news_station
[28.314s] -- Up-to-date: /ssd/workspaces/learn_ros2/install/my_cpp_pck/lib/my_cpp_pck/smartphone
[28.314s] -- Installing: /ssd/workspaces/learn_ros2/install/my_cpp_pck/lib/my_cpp_pck/add_two_ints_server
[28.317s] -- Set runtime path of "/ssd/workspaces/learn_ros2/install/my_cpp_pck/lib/my_cpp_pck/add_two_ints_server" to ""
[28.317s] -- Up-to-date: /ssd/workspaces/learn_ros2/install/my_cpp_pck/share/ament_index/resource_index/package_run_dependencies/my_cpp_pck
[28.318s] -- Up-to-date: /ssd/workspaces/learn_ros2/install/my_cpp_pck/share/ament_index/resource_index/parent_prefix_path/my_cpp_pck
[28.318s] -- Up-to-date: /ssd/workspaces/learn_ros2/install/my_cpp_pck/share/my_cpp_pck/environment/ament_prefix_path.dsv
[28.318s] -- Up-to-date: /ssd/workspaces/learn_ros2/install/my_cpp_pck/share/my_cpp_pck/environment/path.dsv
[28.318s] -- Up-to-date: /ssd/workspaces/learn_ros2/install/my_cpp_pck/share/my_cpp_pck/local_setup.bash
[28.318s] -- Up-to-date: /ssd/workspaces/learn_ros2/install/my_cpp_pck/share/my_cpp_pck/local_setup.sh
[28.318s] -- Up-to-date: /ssd/workspaces/learn_ros2/install/my_cpp_pck/share/my_cpp_pck/local_setup.zsh
[28.319s] -- Up-to-date: /ssd/workspaces/learn_ros2/install/my_cpp_pck/share/my_cpp_pck/local_setup.dsv
[28.319s] -- Installing: /ssd/workspaces/learn_ros2/install/my_cpp_pck/share/my_cpp_pck/package.dsv
[28.319s] -- Up-to-date: /ssd/workspaces/learn_ros2/install/my_cpp_pck/share/ament_index/resource_index/packages/my_cpp_pck
[28.319s] -- Up-to-date: /ssd/workspaces/learn_ros2/install/my_cpp_pck/share/my_cpp_pck/cmake/my_cpp_pckConfig.cmake
[28.319s] -- Up-to-date: /ssd/workspaces/learn_ros2/install/my_cpp_pck/share/my_cpp_pck/cmake/my_cpp_pckConfig-version.cmake
[28.319s] -- Up-to-date: /ssd/workspaces/learn_ros2/install/my_cpp_pck/share/my_cpp_pck/package.xml
[28.331s] Invoked command in '/ssd/workspaces/learn_ros2/build/my_cpp_pck' returned '0': CMAKE_PREFIX_PATH=${CMAKE_PREFIX_PATH}:/ssd/workspaces/learn_ros2/install/my_py_pck:/ssd/ros2_humble/install/rqt_bag_plugins:/ssd/ros2_humble/install/rqt_bag:/ssd/ros2_humble/install/rosbag2_examples_py:/ssd/ros2_humble/install/launch_testing_examples:/ssd/ros2_humble/install/ros2bag:/ssd/ros2_humble/install/tracetools_test:/ssd/ros2_humble/install/tracetools_launch:/ssd/ros2_humble/install/topic_monitor:/ssd/ros2_humble/install/tf2_tools:/ssd/ros2_humble/install/examples_tf2_py:/ssd/ros2_humble/install/tf2_ros_py:/ssd/ros2_humble/install/examples_rclpy_pointcloud_publisher:/ssd/ros2_humble/install/sensor_msgs_py:/ssd/ros2_humble/install/quality_of_service_demo_py:/ssd/ros2_humble/install/rqt_plot:/ssd/ros2_humble/install/ros2doctor:/ssd/ros2_humble/install/lifecycle_py:/ssd/ros2_humble/install/examples_rclpy_minimal_subscriber:/ssd/ros2_humble/install/examples_rclpy_minimal_service:/ssd/ros2_humble/install/examples_rclpy_minimal_publisher:/ssd/ros2_humble/install/examples_rclpy_minimal_client:/ssd/ros2_humble/install/examples_rclpy_executors:/ssd/ros2_humble/install/demo_nodes_py:/ssd/ros2_humble/install/rqt:/ssd/ros2_humble/install/ros2component:/ssd/ros2_humble/install/sros2:/ssd/ros2_humble/install/rqt_topic:/ssd/ros2_humble/install/rqt_srv:/ssd/ros2_humble/install/rqt_shell:/ssd/ros2_humble/install/rqt_service_caller:/ssd/ros2_humble/install/rqt_reconfigure:/ssd/ros2_humble/install/rqt_py_console:/ssd/ros2_humble/install/rqt_publisher:/ssd/ros2_humble/install/rqt_action:/ssd/ros2_humble/install/rqt_msg:/ssd/ros2_humble/install/rqt_console:/ssd/ros2_humble/install/rqt_graph:/ssd/ros2_humble/install/rqt_gui_py:/ssd/ros2_humble/install/rqt_gui:/ssd/ros2_humble/install/ros2trace:/ssd/ros2_humble/install/ros2topic:/ssd/ros2_humble/install/ros2test:/ssd/ros2_humble/install/ros2param:/ssd/ros2_humble/install/ros2lifecycle:/ssd/ros2_humble/install/ros2service:/ssd/ros2_humble/install/ros2run:/ssd/ros2_humble/install/ros2launch:/ssd/ros2_humble/install/ros2pkg:/ssd/ros2_humble/install/ros2node:/ssd/ros2_humble/install/ros2multicast:/ssd/ros2_humble/install/ros2interface:/ssd/ros2_humble/install/ros2action:/ssd/ros2_humble/install/ros2cli:/ssd/ros2_humble/install/launch_testing_ros:/ssd/ros2_humble/install/launch_ros:/ssd/ros2_humble/install/examples_rclpy_minimal_action_server:/ssd/ros2_humble/install/examples_rclpy_minimal_action_client:/ssd/ros2_humble/install/examples_rclpy_guard_conditions:/ssd/ros2_humble/install/action_tutorials_py:/ssd/ros2_humble/install/ament_uncrustify:/ssd/ros2_humble/install/tracetools_trace:/ssd/ros2_humble/install/tracetools_read:/ssd/ros2_humble/install/test_tracetools_launch:/ssd/ros2_humble/install/test_ros2trace:/ssd/ros2_humble/install/test_launch_ros:/ssd/ros2_humble/install/rpyutils:/ssd/ros2_humble/install/rosidl_runtime_py:/ssd/ros2_humble/install/rosidl_pycommon:/ssd/ros2_humble/install/rosidl_cli:/ssd/ros2_humble/install/launch_pytest:/ssd/ros2_humble/install/launch_testing:/ssd/ros2_humble/install/launch_yaml:/ssd/ros2_humble/install/launch_xml:/ssd/ros2_humble/install/launch:/ssd/ros2_humble/install/osrf_pycommon:/ssd/ros2_humble/install/domain_coordinator:/ssd/ros2_humble/install/ament_xmllint:/ssd/ros2_humble/install/ament_pyflakes:/ssd/ros2_humble/install/ament_pycodestyle:/ssd/ros2_humble/install/ament_pep257:/ssd/ros2_humble/install/ament_pclint:/ssd/ros2_humble/install/ament_package:/ssd/ros2_humble/install/ament_mypy:/ssd/ros2_humble/install/ament_lint_cmake:/ssd/ros2_humble/install/ament_flake8:/ssd/ros2_humble/install/ament_copyright:/ssd/ros2_humble/install/ament_lint:/ssd/ros2_humble/install/ament_index_python:/ssd/ros2_humble/install/ament_cpplint:/ssd/ros2_humble/install/ament_cppcheck:/ssd/ros2_humble/install/ament_clang_tidy:/ssd/ros2_humble/install/ament_clang_format /usr/local/bin/cmake --install /ssd/workspaces/learn_ros2/build/my_cpp_pck
