-- Found ament_cmake: 2.0.3 (/ssd/ros2_humble/install/ament_cmake/share/ament_cmake/cmake)
-- Found rclcpp: 21.0.3 (/ssd/ros2_humble/install/rclcpp/share/rclcpp/cmake)
-- Found rosidl_generator_c: 4.0.1 (/ssd/ros2_humble/install/rosidl_generator_c/share/rosidl_generator_c/cmake)
-- Found rosidl_generator_cpp: 4.0.1 (/ssd/ros2_humble/install/rosidl_generator_cpp/share/rosidl_generator_cpp/cmake)
-- Using all available rosidl_typesupport_c: rosidl_typesupport_introspection_c;rosidl_typesupport_fastrtps_c
-- Using all available rosidl_typesupport_cpp: rosidl_typesupport_introspection_cpp;rosidl_typesupport_fastrtps_cpp
-- Found rmw_implementation_cmake: 7.1.0 (/ssd/ros2_humble/install/rmw_implementation_cmake/share/rmw_implementation_cmake/cmake)
-- Found rmw_fastrtps_cpp: 7.1.1 (/ssd/ros2_humble/install/rmw_fastrtps_cpp/share/rmw_fastrtps_cpp/cmake)
-- Using RMW implementation 'rmw_fastrtps_cpp' as default
-- Found example_interfaces: 0.10.2 (/ssd/ros2_humble/install/example_interfaces/share/example_interfaces/cmake)
-- Configuring done (11.4s)
-- Generating done (0.1s)
-- Build files have been written to: /ssd/workspaces/learn_ros2/build/my_cpp_pck
[ 12%] [32mBuilding CXX object CMakeFiles/add_two_ints_server.dir/src/add_two_ints_server.cpp.o[0m
[ 62%] Built target robot_news_station
[ 62%] Built target cpp_node
[ 87%] Built target smartphone
In file included from [01m[K/ssd/ros2_humble/build/rclcpp/include/rclcpp/logging.hpp:24[m[K,
                 from [01m[K/ssd/ros2_humble/install/rclcpp/include/rclcpp/rclcpp/client.hpp:43[m[K,
                 from [01m[K/ssd/ros2_humble/install/rclcpp/include/rclcpp/rclcpp/callback_group.hpp:24[m[K,
                 from [01m[K/ssd/ros2_humble/install/rclcpp/include/rclcpp/rclcpp/any_executable.hpp:20[m[K,
                 from [01m[K/ssd/ros2_humble/install/rclcpp/include/rclcpp/rclcpp/memory_strategy.hpp:25[m[K,
                 from [01m[K/ssd/ros2_humble/install/rclcpp/include/rclcpp/rclcpp/memory_strategies.hpp:18[m[K,
                 from [01m[K/ssd/ros2_humble/install/rclcpp/include/rclcpp/rclcpp/executor_options.hpp:20[m[K,
                 from [01m[K/ssd/ros2_humble/install/rclcpp/include/rclcpp/rclcpp/executor.hpp:37[m[K,
                 from [01m[K/ssd/ros2_humble/install/rclcpp/include/rclcpp/rclcpp/executors/multi_threaded_executor.hpp:25[m[K,
                 from [01m[K/ssd/ros2_humble/install/rclcpp/include/rclcpp/rclcpp/executors.hpp:21[m[K,
                 from [01m[K/ssd/ros2_humble/install/rclcpp/include/rclcpp/rclcpp/rclcpp.hpp:167[m[K,
                 from [01m[K/ssd/workspaces/learn_ros2/src/my_cpp_pck/src/add_two_ints_server.cpp:1[m[K:
[01m[K/ssd/workspaces/learn_ros2/src/my_cpp_pck/src/add_two_ints_server.cpp:[m[K In member function ‘[01m[Kvoid AddTwoInstsServerNode::callbackAddTwoInts(example_interfaces::srv::AddTwoInts_Request_<std::allocator<void> >::SharedPtr, example_interfaces::srv::AddTwoInts_Response_<std::allocator<void> >::SharedPtr)[m[K’:
[01m[K/ssd/workspaces/learn_ros2/src/my_cpp_pck/src/add_two_ints_server.cpp:23:40:[m[K [01;35m[Kwarning: [m[Kformat ‘[01m[K%d[m[K’ expects argument of type ‘[01m[Kint[m[K’, but argument 5 has type ‘[01m[Kexample_interfaces::srv::AddTwoInts_Request_<std::allocator<void> >::_a_type[m[K’ {aka ‘[01m[Klong int[m[K’} [[01;35m[K-Wformat=[m[K]
   23 |         RCLCPP_INFO(this->get_logger(),[01;35m[K"%d + d% = d%"[m[K,[32m[Krequest->a[m[K, request->b, response->sum);
      |                                        [01;35m[K^~~~~~~~~~~~~~[m[K [32m[K~~~~~~~~~~[m[K
      |                                                                [32m[K|[m[K
      |                                                                [32m[Kexample_interfaces::srv::AddTwoInts_Request_<std::allocator<void> >::_a_type {aka long int}[m[K
[01m[K/ssd/workspaces/learn_ros2/src/my_cpp_pck/src/add_two_ints_server.cpp:23:42:[m[K [01;36m[Knote: [m[Kformat string is defined here
   23 |         RCLCPP_INFO(this->get_logger(),"[01;36m[K%d[m[K + d% = d%",request->a, request->b, response->sum);
      |                                         [01;36m[K~^[m[K
      |                                          [01;36m[K|[m[K
      |                                          [01;36m[Kint[m[K
      |                                         [32m[K%ld[m[K
In file included from [01m[K/ssd/ros2_humble/build/rclcpp/include/rclcpp/logging.hpp:24[m[K,
                 from [01m[K/ssd/ros2_humble/install/rclcpp/include/rclcpp/rclcpp/client.hpp:43[m[K,
                 from [01m[K/ssd/ros2_humble/install/rclcpp/include/rclcpp/rclcpp/callback_group.hpp:24[m[K,
                 from [01m[K/ssd/ros2_humble/install/rclcpp/include/rclcpp/rclcpp/any_executable.hpp:20[m[K,
                 from [01m[K/ssd/ros2_humble/install/rclcpp/include/rclcpp/rclcpp/memory_strategy.hpp:25[m[K,
                 from [01m[K/ssd/ros2_humble/install/rclcpp/include/rclcpp/rclcpp/memory_strategies.hpp:18[m[K,
                 from [01m[K/ssd/ros2_humble/install/rclcpp/include/rclcpp/rclcpp/executor_options.hpp:20[m[K,
                 from [01m[K/ssd/ros2_humble/install/rclcpp/include/rclcpp/rclcpp/executor.hpp:37[m[K,
                 from [01m[K/ssd/ros2_humble/install/rclcpp/include/rclcpp/rclcpp/executors/multi_threaded_executor.hpp:25[m[K,
                 from [01m[K/ssd/ros2_humble/install/rclcpp/include/rclcpp/rclcpp/executors.hpp:21[m[K,
                 from [01m[K/ssd/ros2_humble/install/rclcpp/include/rclcpp/rclcpp/rclcpp.hpp:167[m[K,
                 from [01m[K/ssd/workspaces/learn_ros2/src/my_cpp_pck/src/add_two_ints_server.cpp:1[m[K:
[01m[K/ssd/workspaces/learn_ros2/src/my_cpp_pck/src/add_two_ints_server.cpp:23:40:[m[K [01;35m[Kwarning: [m[Kunknown conversion type character ‘[01m[K=[m[K’ in format [[01;35m[K-Wformat=[m[K]
   23 |         RCLCPP_INFO(this->get_logger(),[01;35m[K"%d + d% = d%"[m[K,request->a, request->b, response->sum);
      |                                        [01;35m[K^~~~~~~~~~~~~~[m[K
[01m[K/ssd/workspaces/learn_ros2/src/my_cpp_pck/src/add_two_ints_server.cpp:23:49:[m[K [01;36m[Knote: [m[Kformat string is defined here
   23 |         RCLCPP_INFO(this->get_logger(),"%d + d% [01;36m[K=[m[K d%",request->a, request->b, response->sum);
      |                                                 [01;36m[K^[m[K
In file included from [01m[K/ssd/ros2_humble/build/rclcpp/include/rclcpp/logging.hpp:24[m[K,
                 from [01m[K/ssd/ros2_humble/install/rclcpp/include/rclcpp/rclcpp/client.hpp:43[m[K,
                 from [01m[K/ssd/ros2_humble/install/rclcpp/include/rclcpp/rclcpp/callback_group.hpp:24[m[K,
                 from [01m[K/ssd/ros2_humble/install/rclcpp/include/rclcpp/rclcpp/any_executable.hpp:20[m[K,
                 from [01m[K/ssd/ros2_humble/install/rclcpp/include/rclcpp/rclcpp/memory_strategy.hpp:25[m[K,
                 from [01m[K/ssd/ros2_humble/install/rclcpp/include/rclcpp/rclcpp/memory_strategies.hpp:18[m[K,
                 from [01m[K/ssd/ros2_humble/install/rclcpp/include/rclcpp/rclcpp/executor_options.hpp:20[m[K,
                 from [01m[K/ssd/ros2_humble/install/rclcpp/include/rclcpp/rclcpp/executor.hpp:37[m[K,
                 from [01m[K/ssd/ros2_humble/install/rclcpp/include/rclcpp/rclcpp/executors/multi_threaded_executor.hpp:25[m[K,
                 from [01m[K/ssd/ros2_humble/install/rclcpp/include/rclcpp/rclcpp/executors.hpp:21[m[K,
                 from [01m[K/ssd/ros2_humble/install/rclcpp/include/rclcpp/rclcpp/rclcpp.hpp:167[m[K,
                 from [01m[K/ssd/workspaces/learn_ros2/src/my_cpp_pck/src/add_two_ints_server.cpp:1[m[K:
[01m[K/ssd/workspaces/learn_ros2/src/my_cpp_pck/src/add_two_ints_server.cpp:23:40:[m[K [01;35m[Kwarning: [m[Kspurious trailing ‘[01m[K%[m[K’ in format [[01;35m[K-Wformat=[m[K]
   23 |         RCLCPP_INFO(this->get_logger(),[01;35m[K"%d + d% = d%"[m[K,request->a, request->b, response->sum);
      |                                        [01;35m[K^~~~~~~~~~~~~~[m[K
[01m[K/ssd/workspaces/learn_ros2/src/my_cpp_pck/src/add_two_ints_server.cpp:23:52:[m[K [01;36m[Knote: [m[Kformat string is defined here
   23 |         RCLCPP_INFO(this->get_logger(),"%d + d% = d[01;36m[K%[m[K",request->a, request->b, response->sum);
      |                                                    [01;36m[K^[m[K
In file included from [01m[K/ssd/ros2_humble/build/rclcpp/include/rclcpp/logging.hpp:24[m[K,
                 from [01m[K/ssd/ros2_humble/install/rclcpp/include/rclcpp/rclcpp/client.hpp:43[m[K,
                 from [01m[K/ssd/ros2_humble/install/rclcpp/include/rclcpp/rclcpp/callback_group.hpp:24[m[K,
                 from [01m[K/ssd/ros2_humble/install/rclcpp/include/rclcpp/rclcpp/any_executable.hpp:20[m[K,
                 from [01m[K/ssd/ros2_humble/install/rclcpp/include/rclcpp/rclcpp/memory_strategy.hpp:25[m[K,
                 from [01m[K/ssd/ros2_humble/install/rclcpp/include/rclcpp/rclcpp/memory_strategies.hpp:18[m[K,
                 from [01m[K/ssd/ros2_humble/install/rclcpp/include/rclcpp/rclcpp/executor_options.hpp:20[m[K,
                 from [01m[K/ssd/ros2_humble/install/rclcpp/include/rclcpp/rclcpp/executor.hpp:37[m[K,
                 from [01m[K/ssd/ros2_humble/install/rclcpp/include/rclcpp/rclcpp/executors/multi_threaded_executor.hpp:25[m[K,
                 from [01m[K/ssd/ros2_humble/install/rclcpp/include/rclcpp/rclcpp/executors.hpp:21[m[K,
                 from [01m[K/ssd/ros2_humble/install/rclcpp/include/rclcpp/rclcpp/rclcpp.hpp:167[m[K,
                 from [01m[K/ssd/workspaces/learn_ros2/src/my_cpp_pck/src/add_two_ints_server.cpp:1[m[K:
[01m[K/ssd/workspaces/learn_ros2/src/my_cpp_pck/src/add_two_ints_server.cpp:23:40:[m[K [01;35m[Kwarning: [m[Ktoo many arguments for format [[01;35m[K-Wformat-extra-args[m[K]
   23 |         RCLCPP_INFO(this->get_logger(),[01;35m[K"%d + d% = d%"[m[K,request->a, request->b, response->sum);
      |                                        [01;35m[K^~~~~~~~~~~~~~[m[K
[100%] [32m[1mLinking CXX executable add_two_ints_server[0m
[100%] Built target add_two_ints_server
-- Install configuration: ""
-- Up-to-date: /ssd/workspaces/learn_ros2/install/my_cpp_pck/lib/my_cpp_pck/cpp_node
-- Up-to-date: /ssd/workspaces/learn_ros2/install/my_cpp_pck/lib/my_cpp_pck/robot_news_station
-- Up-to-date: /ssd/workspaces/learn_ros2/install/my_cpp_pck/lib/my_cpp_pck/smartphone
-- Installing: /ssd/workspaces/learn_ros2/install/my_cpp_pck/lib/my_cpp_pck/add_two_ints_server
-- Set runtime path of "/ssd/workspaces/learn_ros2/install/my_cpp_pck/lib/my_cpp_pck/add_two_ints_server" to ""
-- Up-to-date: /ssd/workspaces/learn_ros2/install/my_cpp_pck/share/ament_index/resource_index/package_run_dependencies/my_cpp_pck
-- Installing: /ssd/workspaces/learn_ros2/install/my_cpp_pck/share/ament_index/resource_index/parent_prefix_path/my_cpp_pck
-- Up-to-date: /ssd/workspaces/learn_ros2/install/my_cpp_pck/share/my_cpp_pck/environment/ament_prefix_path.dsv
-- Up-to-date: /ssd/workspaces/learn_ros2/install/my_cpp_pck/share/my_cpp_pck/environment/path.dsv
-- Up-to-date: /ssd/workspaces/learn_ros2/install/my_cpp_pck/share/my_cpp_pck/local_setup.bash
-- Up-to-date: /ssd/workspaces/learn_ros2/install/my_cpp_pck/share/my_cpp_pck/local_setup.sh
-- Up-to-date: /ssd/workspaces/learn_ros2/install/my_cpp_pck/share/my_cpp_pck/local_setup.zsh
-- Up-to-date: /ssd/workspaces/learn_ros2/install/my_cpp_pck/share/my_cpp_pck/local_setup.dsv
-- Installing: /ssd/workspaces/learn_ros2/install/my_cpp_pck/share/my_cpp_pck/package.dsv
-- Up-to-date: /ssd/workspaces/learn_ros2/install/my_cpp_pck/share/ament_index/resource_index/packages/my_cpp_pck
-- Up-to-date: /ssd/workspaces/learn_ros2/install/my_cpp_pck/share/my_cpp_pck/cmake/my_cpp_pckConfig.cmake
-- Up-to-date: /ssd/workspaces/learn_ros2/install/my_cpp_pck/share/my_cpp_pck/cmake/my_cpp_pckConfig-version.cmake
-- Up-to-date: /ssd/workspaces/learn_ros2/install/my_cpp_pck/share/my_cpp_pck/package.xml
