running egg_info
writing ../../build/my_py_pck/my_py_pck.egg-info/PKG-INFO
writing dependency_links to ../../build/my_py_pck/my_py_pck.egg-info/dependency_links.txt
writing entry points to ../../build/my_py_pck/my_py_pck.egg-info/entry_points.txt
writing requirements to ../../build/my_py_pck/my_py_pck.egg-info/requires.txt
writing top-level names to ../../build/my_py_pck/my_py_pck.egg-info/top_level.txt
reading manifest file '../../build/my_py_pck/my_py_pck.egg-info/SOURCES.txt'
writing manifest file '../../build/my_py_pck/my_py_pck.egg-info/SOURCES.txt'
running build
running build_py
running install
running install_lib
running install_data
running install_egg_info
removing '/ssd/workspaces/learn_ros2/install/my_py_pck/lib/python3.8/site-packages/my_py_pck-0.0.0-py3.8.egg-info' (and everything under it)
Copying ../../build/my_py_pck/my_py_pck.egg-info to /ssd/workspaces/learn_ros2/install/my_py_pck/lib/python3.8/site-packages/my_py_pck-0.0.0-py3.8.egg-info
running install_scripts
Installing add_two_ints_client script to /ssd/workspaces/learn_ros2/install/my_py_pck/lib/my_py_pck
Installing add_two_ints_client_no_oop script to /ssd/workspaces/learn_ros2/install/my_py_pck/lib/my_py_pck
Installing add_two_ints_server script to /ssd/workspaces/learn_ros2/install/my_py_pck/lib/my_py_pck
Installing py_node script to /ssd/workspaces/learn_ros2/install/my_py_pck/lib/my_py_pck
Installing robot_news_station script to /ssd/workspaces/learn_ros2/install/my_py_pck/lib/my_py_pck
Installing smartphone script to /ssd/workspaces/learn_ros2/install/my_py_pck/lib/my_py_pck
writing list of installed files to '/ssd/workspaces/learn_ros2/build/my_py_pck/install.log'
