[ 60%] Built target smartphone
[ 60%] Built target add_two_ints_client
[ 60%] Built target robot_news_station
[ 60%] Built target add_two_ints_client_no_oop
[ 60%] Built target add_two_ints_server
[ 60%] Built target cpp_node
[ 80%] Built target number_publisher
[ 80%] Built target reset_number_counter
[ 90%] Built target number_counter
[ 95%] [32mBuilding CXX object CMakeFiles/number_counter_reset.dir/src/number_counter_reset.cpp.o[0m
[100%] [32m[1mLinking CXX executable number_counter_reset[0m
[100%] Built target number_counter_reset
-- Install configuration: ""
-- Up-to-date: /ssd/workspaces/learn_ros2/install/my_cpp_pck/lib/my_cpp_pck/cpp_node
-- Up-to-date: /ssd/workspaces/learn_ros2/install/my_cpp_pck/lib/my_cpp_pck/robot_news_station
-- Up-to-date: /ssd/workspaces/learn_ros2/install/my_cpp_pck/lib/my_cpp_pck/smartphone
-- Installing: /ssd/workspaces/learn_ros2/install/my_cpp_pck/lib/my_cpp_pck/add_two_ints_server
-- Set runtime path of "/ssd/workspaces/learn_ros2/install/my_cpp_pck/lib/my_cpp_pck/add_two_ints_server" to ""
-- Up-to-date: /ssd/workspaces/learn_ros2/install/my_cpp_pck/lib/my_cpp_pck/add_two_ints_client_no_oop
-- Up-to-date: /ssd/workspaces/learn_ros2/install/my_cpp_pck/lib/my_cpp_pck/add_two_ints_client
-- Up-to-date: /ssd/workspaces/learn_ros2/install/my_cpp_pck/lib/my_cpp_pck/number_publisher
-- Up-to-date: /ssd/workspaces/learn_ros2/install/my_cpp_pck/lib/my_cpp_pck/number_counter
-- Installing: /ssd/workspaces/learn_ros2/install/my_cpp_pck/lib/my_cpp_pck/number_counter_reset
-- Set runtime path of "/ssd/workspaces/learn_ros2/install/my_cpp_pck/lib/my_cpp_pck/number_counter_reset" to ""
-- Installing: /ssd/workspaces/learn_ros2/install/my_cpp_pck/lib/my_cpp_pck/reset_number_counter
-- Set runtime path of "/ssd/workspaces/learn_ros2/install/my_cpp_pck/lib/my_cpp_pck/reset_number_counter" to ""
-- Up-to-date: /ssd/workspaces/learn_ros2/install/my_cpp_pck/share/ament_index/resource_index/package_run_dependencies/my_cpp_pck
-- Installing: /ssd/workspaces/learn_ros2/install/my_cpp_pck/share/ament_index/resource_index/parent_prefix_path/my_cpp_pck
-- Up-to-date: /ssd/workspaces/learn_ros2/install/my_cpp_pck/share/my_cpp_pck/environment/ament_prefix_path.dsv
-- Up-to-date: /ssd/workspaces/learn_ros2/install/my_cpp_pck/share/my_cpp_pck/environment/path.dsv
-- Up-to-date: /ssd/workspaces/learn_ros2/install/my_cpp_pck/share/my_cpp_pck/local_setup.bash
-- Up-to-date: /ssd/workspaces/learn_ros2/install/my_cpp_pck/share/my_cpp_pck/local_setup.sh
-- Up-to-date: /ssd/workspaces/learn_ros2/install/my_cpp_pck/share/my_cpp_pck/local_setup.zsh
-- Up-to-date: /ssd/workspaces/learn_ros2/install/my_cpp_pck/share/my_cpp_pck/local_setup.dsv
-- Installing: /ssd/workspaces/learn_ros2/install/my_cpp_pck/share/my_cpp_pck/package.dsv
-- Up-to-date: /ssd/workspaces/learn_ros2/install/my_cpp_pck/share/ament_index/resource_index/packages/my_cpp_pck
-- Up-to-date: /ssd/workspaces/learn_ros2/install/my_cpp_pck/share/my_cpp_pck/cmake/my_cpp_pckConfig.cmake
-- Up-to-date: /ssd/workspaces/learn_ros2/install/my_cpp_pck/share/my_cpp_pck/cmake/my_cpp_pckConfig-version.cmake
-- Up-to-date: /ssd/workspaces/learn_ros2/install/my_cpp_pck/share/my_cpp_pck/package.xml
