In file included from [01m[K/ssd/ros2_humble/build/rclcpp/include/rclcpp/logging.hpp:24[m[K,
                 from [01m[K/ssd/ros2_humble/install/rclcpp/include/rclcpp/rclcpp/client.hpp:43[m[K,
                 from [01m[K/ssd/ros2_humble/install/rclcpp/include/rclcpp/rclcpp/callback_group.hpp:24[m[K,
                 from [01m[K/ssd/ros2_humble/install/rclcpp/include/rclcpp/rclcpp/any_executable.hpp:20[m[K,
                 from [01m[K/ssd/ros2_humble/install/rclcpp/include/rclcpp/rclcpp/memory_strategy.hpp:25[m[K,
                 from [01m[K/ssd/ros2_humble/install/rclcpp/include/rclcpp/rclcpp/memory_strategies.hpp:18[m[K,
                 from [01m[K/ssd/ros2_humble/install/rclcpp/include/rclcpp/rclcpp/executor_options.hpp:20[m[K,
                 from [01m[K/ssd/ros2_humble/install/rclcpp/include/rclcpp/rclcpp/executor.hpp:37[m[K,
                 from [01m[K/ssd/ros2_humble/install/rclcpp/include/rclcpp/rclcpp/executors/multi_threaded_executor.hpp:25[m[K,
                 from [01m[K/ssd/ros2_humble/install/rclcpp/include/rclcpp/rclcpp/executors.hpp:21[m[K,
                 from [01m[K/ssd/ros2_humble/install/rclcpp/include/rclcpp/rclcpp/rclcpp.hpp:167[m[K,
                 from [01m[K/ssd/workspaces/learn_ros2/src/my_cpp_pck/src/number_publisher.cpp:1[m[K:
[01m[K/ssd/workspaces/learn_ros2/src/my_cpp_pck/src/number_publisher.cpp:[m[K In member function ‘[01m[Kvoid NumberPublisherNode::publishNews()[m[K’:
[01m[K/ssd/workspaces/learn_ros2/src/my_cpp_pck/src/number_publisher.cpp:22:36:[m[K [01;35m[Kwarning: [m[Kformat ‘[01m[K%d[m[K’ expects argument of type ‘[01m[Kint[m[K’, but argument 5 has type ‘[01m[Kexample_interfaces::msg::Int64_<std::allocator<void> >::_data_type[m[K’ {aka ‘[01m[Klong int[m[K’} [[01;35m[K-Wformat=[m[K]
   22 |     RCLCPP_INFO(this->get_logger(),[01;35m[K"%d"[m[K,[32m[Kmsg.data[m[K);
      |                                    [01;35m[K^~~~[m[K [32m[K~~~~~~~~[m[K
      |                                             [32m[K|[m[K
      |                                             [32m[Kexample_interfaces::msg::Int64_<std::allocator<void> >::_data_type {aka long int}[m[K
[01m[K/ssd/workspaces/learn_ros2/src/my_cpp_pck/src/number_publisher.cpp:22:38:[m[K [01;36m[Knote: [m[Kformat string is defined here
   22 |     RCLCPP_INFO(this->get_logger(),"[01;36m[K%d[m[K",msg.data);
      |                                     [01;36m[K~^[m[K
      |                                      [01;36m[K|[m[K
      |                                      [01;36m[Kint[m[K
      |                                     [32m[K%ld[m[K
In file included from [01m[K/ssd/ros2_humble/build/rclcpp/include/rclcpp/logging.hpp:24[m[K,
                 from [01m[K/ssd/ros2_humble/install/rclcpp/include/rclcpp/rclcpp/client.hpp:43[m[K,
                 from [01m[K/ssd/ros2_humble/install/rclcpp/include/rclcpp/rclcpp/callback_group.hpp:24[m[K,
                 from [01m[K/ssd/ros2_humble/install/rclcpp/include/rclcpp/rclcpp/any_executable.hpp:20[m[K,
                 from [01m[K/ssd/ros2_humble/install/rclcpp/include/rclcpp/rclcpp/memory_strategy.hpp:25[m[K,
                 from [01m[K/ssd/ros2_humble/install/rclcpp/include/rclcpp/rclcpp/memory_strategies.hpp:18[m[K,
                 from [01m[K/ssd/ros2_humble/install/rclcpp/include/rclcpp/rclcpp/executor_options.hpp:20[m[K,
                 from [01m[K/ssd/ros2_humble/install/rclcpp/include/rclcpp/rclcpp/executor.hpp:37[m[K,
                 from [01m[K/ssd/ros2_humble/install/rclcpp/include/rclcpp/rclcpp/executors/multi_threaded_executor.hpp:25[m[K,
                 from [01m[K/ssd/ros2_humble/install/rclcpp/include/rclcpp/rclcpp/executors.hpp:21[m[K,
                 from [01m[K/ssd/ros2_humble/install/rclcpp/include/rclcpp/rclcpp/rclcpp.hpp:167[m[K,
                 from [01m[K/ssd/workspaces/learn_ros2/src/my_cpp_pck/src/number_counter.cpp:1[m[K:
[01m[K/ssd/workspaces/learn_ros2/src/my_cpp_pck/src/number_counter.cpp:[m[K In member function ‘[01m[Kvoid NumberCounterNode::callbackNumberCounter(example_interfaces::msg::Int64_<std::allocator<void> >::SharedPtr)[m[K’:
[01m[K/ssd/workspaces/learn_ros2/src/my_cpp_pck/src/number_counter.cpp:32:36:[m[K [01;35m[Kwarning: [m[Kformat ‘[01m[K%d[m[K’ expects argument of type ‘[01m[Kint[m[K’, but argument 5 has type ‘[01m[Kdouble[m[K’ [[01;35m[K-Wformat=[m[K]
   32 |     RCLCPP_INFO(this->get_logger(),[01;35m[K"%d"[m[K,[32m[K_total_number[m[K);
      |                                    [01;35m[K^~~~[m[K [32m[K~~~~~~~~~~~~~[m[K
      |                                         [32m[K|[m[K
      |                                         [32m[Kdouble[m[K
[01m[K/ssd/workspaces/learn_ros2/src/my_cpp_pck/src/number_counter.cpp:32:38:[m[K [01;36m[Knote: [m[Kformat string is defined here
   32 |     RCLCPP_INFO(this->get_logger(),"[01;36m[K%d[m[K",_total_number);
      |                                     [01;36m[K~^[m[K
      |                                      [01;36m[K|[m[K
      |                                      [01;36m[Kint[m[K
      |                                     [32m[K%f[m[K
