-- The C compiler identification is GNU 9.4.0
-- The CXX compiler identification is GNU 9.4.0
-- Detecting C compiler ABI info
-- Detecting C compiler ABI info - done
-- Check for working C compiler: /usr/bin/cc - skipped
-- Detecting C compile features
-- Detecting C compile features - done
-- Detecting CXX compiler ABI info
-- Detecting CXX compiler ABI info - done
-- Check for working CXX compiler: /usr/bin/c++ - skipped
-- Detecting CXX compile features
-- Detecting CXX compile features - done
-- Found ament_cmake: 2.0.3 (/ssd/ros2_humble/install/ament_cmake/share/ament_cmake/cmake)
-- Found Python3: /usr/bin/python3.8 (found version "3.8.10") found components: Interpreter 
-- Found rclcpp: 21.0.3 (/ssd/ros2_humble/install/rclcpp/share/rclcpp/cmake)
-- Found rosidl_generator_c: 4.0.1 (/ssd/ros2_humble/install/rosidl_generator_c/share/rosidl_generator_c/cmake)
-- Found rosidl_generator_cpp: 4.0.1 (/ssd/ros2_humble/install/rosidl_generator_cpp/share/rosidl_generator_cpp/cmake)
-- Using all available rosidl_typesupport_c: rosidl_typesupport_introspection_c;rosidl_typesupport_fastrtps_c
-- Using all available rosidl_typesupport_cpp: rosidl_typesupport_introspection_cpp;rosidl_typesupport_fastrtps_cpp
-- Found rmw_implementation_cmake: 7.1.0 (/ssd/ros2_humble/install/rmw_implementation_cmake/share/rmw_implementation_cmake/cmake)
-- Found rmw_fastrtps_cpp: 7.1.1 (/ssd/ros2_humble/install/rmw_fastrtps_cpp/share/rmw_fastrtps_cpp/cmake)
-- Found OpenSSL: /usr/lib/aarch64-linux-gnu/libcrypto.so (found version "1.1.1f")  
-- Found FastRTPS: /ssd/ros2_humble/install/fastrtps/include  
-- Using RMW implementation 'rmw_fastrtps_cpp' as default
-- Found ament_lint_auto: 0.14.2 (/ssd/ros2_humble/install/ament_lint_auto/share/ament_lint_auto/cmake)
-- Added test 'lint_cmake' to check CMake code style
-- Added test 'xmllint' to check XML markup files
-- Configuring done (61.2s)
-- Generating done (0.0s)
-- Build files have been written to: /ssd/workspaces/learn_ros2/build/my_cpp_pck
-- Install configuration: ""
-- Installing: /ssd/workspaces/learn_ros2/install/my_cpp_pck/share/ament_index/resource_index/package_run_dependencies/my_cpp_pck
-- Installing: /ssd/workspaces/learn_ros2/install/my_cpp_pck/share/ament_index/resource_index/parent_prefix_path/my_cpp_pck
-- Installing: /ssd/workspaces/learn_ros2/install/my_cpp_pck/share/my_cpp_pck/environment/ament_prefix_path.sh
-- Installing: /ssd/workspaces/learn_ros2/install/my_cpp_pck/share/my_cpp_pck/environment/ament_prefix_path.dsv
-- Installing: /ssd/workspaces/learn_ros2/install/my_cpp_pck/share/my_cpp_pck/environment/path.sh
-- Installing: /ssd/workspaces/learn_ros2/install/my_cpp_pck/share/my_cpp_pck/environment/path.dsv
-- Installing: /ssd/workspaces/learn_ros2/install/my_cpp_pck/share/my_cpp_pck/local_setup.bash
-- Installing: /ssd/workspaces/learn_ros2/install/my_cpp_pck/share/my_cpp_pck/local_setup.sh
-- Installing: /ssd/workspaces/learn_ros2/install/my_cpp_pck/share/my_cpp_pck/local_setup.zsh
-- Installing: /ssd/workspaces/learn_ros2/install/my_cpp_pck/share/my_cpp_pck/local_setup.dsv
-- Installing: /ssd/workspaces/learn_ros2/install/my_cpp_pck/share/my_cpp_pck/package.dsv
-- Installing: /ssd/workspaces/learn_ros2/install/my_cpp_pck/share/ament_index/resource_index/packages/my_cpp_pck
-- Installing: /ssd/workspaces/learn_ros2/install/my_cpp_pck/share/my_cpp_pck/cmake/my_cpp_pckConfig.cmake
-- Installing: /ssd/workspaces/learn_ros2/install/my_cpp_pck/share/my_cpp_pck/cmake/my_cpp_pckConfig-version.cmake
-- Installing: /ssd/workspaces/learn_ros2/install/my_cpp_pck/share/my_cpp_pck/package.xml
