[4.156s] Invoking command in '/ssd/workspaces/learn_ros2/build/my_py_pck': PYTHONPATH=/ssd/workspaces/learn_ros2/build/my_py_pck/prefix_override:/ssd/workspaces/learn_ros2/install/my_py_pck/lib/python3.8/site-packages:${PYTHONPATH} /usr/bin/python3 -W ignore:setup.py install is deprecated setup.py develop --editable --build-directory /ssd/workspaces/learn_ros2/build/my_py_pck/build --no-deps symlink_data --force
[6.027s] running develop
[6.633s] running egg_info
[6.633s] writing my_py_pck.egg-info/PKG-INFO
[6.634s] writing dependency_links to my_py_pck.egg-info/dependency_links.txt
[6.634s] writing entry points to my_py_pck.egg-info/entry_points.txt
[6.634s] writing requirements to my_py_pck.egg-info/requires.txt
[6.635s] writing top-level names to my_py_pck.egg-info/top_level.txt
[6.700s] reading manifest file 'my_py_pck.egg-info/SOURCES.txt'
[6.701s] writing manifest file 'my_py_pck.egg-info/SOURCES.txt'
[6.841s] running build_ext
[6.852s] Creating /ssd/workspaces/learn_ros2/install/my_py_pck/lib/python3.8/site-packages/my-py-pck.egg-link (link to .)
[6.853s] Installing py_node script to /ssd/workspaces/learn_ros2/install/my_py_pck/lib/my_py_pck
[6.854s] Installing robot_news_station script to /ssd/workspaces/learn_ros2/install/my_py_pck/lib/my_py_pck
[6.854s] Installing smartphone = my_py_pck.smartphone:mainadd_two_ints_server script to /ssd/workspaces/learn_ros2/install/my_py_pck/lib/my_py_pck
[6.854s] 
[6.855s] Installed /ssd/workspaces/learn_ros2/build/my_py_pck
[6.855s] running symlink_data
[6.855s] symbolically linking /ssd/workspaces/learn_ros2/build/my_py_pck/resource/my_py_pck -> /ssd/workspaces/learn_ros2/install/my_py_pck/share/ament_index/resource_index/packages
[6.855s] symbolically linking /ssd/workspaces/learn_ros2/build/my_py_pck/package.xml -> /ssd/workspaces/learn_ros2/install/my_py_pck/share/my_py_pck
[6.916s] Invoked command in '/ssd/workspaces/learn_ros2/build/my_py_pck' returned '0': PYTHONPATH=/ssd/workspaces/learn_ros2/build/my_py_pck/prefix_override:/ssd/workspaces/learn_ros2/install/my_py_pck/lib/python3.8/site-packages:${PYTHONPATH} /usr/bin/python3 -W ignore:setup.py install is deprecated setup.py develop --editable --build-directory /ssd/workspaces/learn_ros2/build/my_py_pck/build --no-deps symlink_data --force
