running egg_info
creating ../../build/my_py_pck/my_py_pck.egg-info
writing ../../build/my_py_pck/my_py_pck.egg-info/PKG-INFO
writing dependency_links to ../../build/my_py_pck/my_py_pck.egg-info/dependency_links.txt
writing entry points to ../../build/my_py_pck/my_py_pck.egg-info/entry_points.txt
writing requirements to ../../build/my_py_pck/my_py_pck.egg-info/requires.txt
writing top-level names to ../../build/my_py_pck/my_py_pck.egg-info/top_level.txt
writing manifest file '../../build/my_py_pck/my_py_pck.egg-info/SOURCES.txt'
reading manifest file '../../build/my_py_pck/my_py_pck.egg-info/SOURCES.txt'
writing manifest file '../../build/my_py_pck/my_py_pck.egg-info/SOURCES.txt'
running build
running build_py
creating /ssd/workspaces/learn_ros2/build/my_py_pck/build
creating /ssd/workspaces/learn_ros2/build/my_py_pck/build/lib
creating /ssd/workspaces/learn_ros2/build/my_py_pck/build/lib/my_py_pck
copying my_py_pck/__init__.py -> /ssd/workspaces/learn_ros2/build/my_py_pck/build/lib/my_py_pck
running install
running install_lib
creating /ssd/workspaces/learn_ros2/install/my_py_pck/lib/python3.8/site-packages/my_py_pck
copying /ssd/workspaces/learn_ros2/build/my_py_pck/build/lib/my_py_pck/__init__.py -> /ssd/workspaces/learn_ros2/install/my_py_pck/lib/python3.8/site-packages/my_py_pck
byte-compiling /ssd/workspaces/learn_ros2/install/my_py_pck/lib/python3.8/site-packages/my_py_pck/__init__.py to __init__.cpython-38.pyc
running install_data
creating /ssd/workspaces/learn_ros2/install/my_py_pck/share/ament_index
creating /ssd/workspaces/learn_ros2/install/my_py_pck/share/ament_index/resource_index
creating /ssd/workspaces/learn_ros2/install/my_py_pck/share/ament_index/resource_index/packages
copying resource/my_py_pck -> /ssd/workspaces/learn_ros2/install/my_py_pck/share/ament_index/resource_index/packages
copying package.xml -> /ssd/workspaces/learn_ros2/install/my_py_pck/share/my_py_pck
running install_egg_info
Copying ../../build/my_py_pck/my_py_pck.egg-info to /ssd/workspaces/learn_ros2/install/my_py_pck/lib/python3.8/site-packages/my_py_pck-0.0.0-py3.8.egg-info
running install_scripts
writing list of installed files to '/ssd/workspaces/learn_ros2/build/my_py_pck/install.log'
