[1.164s] Invoking command in '/ssd/workspaces/learn_ros2/src/my_py_pck': PYTHONPATH=/ssd/workspaces/learn_ros2/build/my_py_pck/prefix_override:/ssd/workspaces/learn_ros2/install/my_py_pck/lib/python3.8/site-packages:${PYTHONPATH} /usr/bin/python3 -W ignore:setup.py install is deprecated setup.py egg_info --egg-base ../../build/my_py_pck build --build-base /ssd/workspaces/learn_ros2/build/my_py_pck/build install --record /ssd/workspaces/learn_ros2/build/my_py_pck/install.log --single-version-externally-managed install_data
[1.561s] running egg_info
[1.562s] writing ../../build/my_py_pck/my_py_pck.egg-info/PKG-INFO
[1.562s] writing dependency_links to ../../build/my_py_pck/my_py_pck.egg-info/dependency_links.txt
[1.563s] writing entry points to ../../build/my_py_pck/my_py_pck.egg-info/entry_points.txt
[1.563s] writing requirements to ../../build/my_py_pck/my_py_pck.egg-info/requires.txt
[1.563s] writing top-level names to ../../build/my_py_pck/my_py_pck.egg-info/top_level.txt
[1.621s] reading manifest file '../../build/my_py_pck/my_py_pck.egg-info/SOURCES.txt'
[1.623s] writing manifest file '../../build/my_py_pck/my_py_pck.egg-info/SOURCES.txt'
[1.623s] running build
[1.623s] running build_py
[1.623s] copying my_py_pck/my_first_node.py -> /ssd/workspaces/learn_ros2/build/my_py_pck/build/lib/my_py_pck
[1.624s] running install
[1.625s] running install_lib
[1.627s] copying /ssd/workspaces/learn_ros2/build/my_py_pck/build/lib/my_py_pck/my_first_node.py -> /ssd/workspaces/learn_ros2/install/my_py_pck/lib/python3.8/site-packages/my_py_pck
[1.628s] byte-compiling /ssd/workspaces/learn_ros2/install/my_py_pck/lib/python3.8/site-packages/my_py_pck/my_first_node.py to my_first_node.cpython-38.pyc
[1.630s] running install_data
[1.630s] running install_egg_info
[1.633s] removing '/ssd/workspaces/learn_ros2/install/my_py_pck/lib/python3.8/site-packages/my_py_pck-0.0.0-py3.8.egg-info' (and everything under it)
[1.634s] Copying ../../build/my_py_pck/my_py_pck.egg-info to /ssd/workspaces/learn_ros2/install/my_py_pck/lib/python3.8/site-packages/my_py_pck-0.0.0-py3.8.egg-info
[1.636s] running install_scripts
[1.668s] writing list of installed files to '/ssd/workspaces/learn_ros2/build/my_py_pck/install.log'
[1.713s] Invoked command in '/ssd/workspaces/learn_ros2/src/my_py_pck' returned '0': PYTHONPATH=/ssd/workspaces/learn_ros2/build/my_py_pck/prefix_override:/ssd/workspaces/learn_ros2/install/my_py_pck/lib/python3.8/site-packages:${PYTHONPATH} /usr/bin/python3 -W ignore:setup.py install is deprecated setup.py egg_info --egg-base ../../build/my_py_pck build --build-base /ssd/workspaces/learn_ros2/build/my_py_pck/build install --record /ssd/workspaces/learn_ros2/build/my_py_pck/install.log --single-version-externally-managed install_data
