[4.156s] Invoking command in '/ssd/workspaces/learn_ros2/src/my_py_pck': PYTHONPATH=/ssd/workspaces/learn_ros2/build/my_py_pck/prefix_override:/ssd/workspaces/learn_ros2/install/my_py_pck/lib/python3.8/site-packages:${PYTHONPATH} /usr/bin/python3 -W ignore:setup.py install is deprecated setup.py egg_info --egg-base ../../build/my_py_pck build --build-base /ssd/workspaces/learn_ros2/build/my_py_pck/build install --record /ssd/workspaces/learn_ros2/build/my_py_pck/install.log --single-version-externally-managed install_data
[5.897s] running egg_info
[5.898s] writing ../../build/my_py_pck/my_py_pck.egg-info/PKG-INFO
[5.898s] writing dependency_links to ../../build/my_py_pck/my_py_pck.egg-info/dependency_links.txt
[5.899s] writing entry points to ../../build/my_py_pck/my_py_pck.egg-info/entry_points.txt
[5.899s] writing requirements to ../../build/my_py_pck/my_py_pck.egg-info/requires.txt
[5.899s] writing top-level names to ../../build/my_py_pck/my_py_pck.egg-info/top_level.txt
[5.979s] reading manifest file '../../build/my_py_pck/my_py_pck.egg-info/SOURCES.txt'
[5.981s] writing manifest file '../../build/my_py_pck/my_py_pck.egg-info/SOURCES.txt'
[5.981s] running build
[5.981s] running build_py
[5.981s] running install
[5.987s] running install_lib
[5.994s] running install_data
[5.994s] running install_egg_info
[6.002s] removing '/ssd/workspaces/learn_ros2/install/my_py_pck/lib/python3.8/site-packages/my_py_pck-0.0.0-py3.8.egg-info' (and everything under it)
[6.002s] Copying ../../build/my_py_pck/my_py_pck.egg-info to /ssd/workspaces/learn_ros2/install/my_py_pck/lib/python3.8/site-packages/my_py_pck-0.0.0-py3.8.egg-info
[6.004s] running install_scripts
[6.065s] writing list of installed files to '/ssd/workspaces/learn_ros2/build/my_py_pck/install.log'
[6.114s] Invoked command in '/ssd/workspaces/learn_ros2/src/my_py_pck' returned '0': PYTHONPATH=/ssd/workspaces/learn_ros2/build/my_py_pck/prefix_override:/ssd/workspaces/learn_ros2/install/my_py_pck/lib/python3.8/site-packages:${PYTHONPATH} /usr/bin/python3 -W ignore:setup.py install is deprecated setup.py egg_info --egg-base ../../build/my_py_pck build --build-base /ssd/workspaces/learn_ros2/build/my_py_pck/build install --record /ssd/workspaces/learn_ros2/build/my_py_pck/install.log --single-version-externally-managed install_data
